#
# There is insufficient memory for the Java Runtime Environment to continue.
# Native memory allocation (mmap) failed to map 65536 bytes for Failed to commit metaspace.
# Possible reasons:
#   The system is out of physical RAM or swap space
#   The process is running with CompressedOops enabled, and the Java Heap may be blocking the growth of the native heap
# Possible solutions:
#   Reduce memory load on the system
#   Increase physical memory or swap space
#   Check if swap backing store is full
#   Decrease Java heap size (-Xmx/-Xms)
#   Decrease number of Java threads
#   Decrease Java thread stack sizes (-Xss)
#   Set larger code cache with -XX:ReservedCodeCacheSize=
#   JVM is running with Zero Based Compressed Oops mode in which the Java heap is
#     placed in the first 32GB address space. The Java Heap base address is the
#     maximum limit for the native heap growth. Please use -XX:HeapBaseMinAddress
#     to set the Java Heap base and to place the Java Heap above 32GB virtual address.
# This output file may be truncated or incomplete.
#
#  Out of Memory Error (virtualSpaceNode.cpp:110), pid=11744, tid=38500
#
# JRE version: Java(TM) SE Runtime Environment (18.0.2+9) (build 18.0.2+9-61)
# Java VM: Java HotSpot(TM) 64-Bit Server VM (18.0.2+9-61, mixed mode, tiered, compressed oops, compressed class ptrs, g1 gc, windows-amd64)
# No core dump will be written. Minidumps are not enabled by default on client versions of Windows
#

---------------  S U M M A R Y ------------

Command Line: -Dfile.encoding=UTF-8 --module-path=C:\Users\RATAN\Documents\NetBeansProjects\Employee Management System\build\classes employee.management.system.Splash

Host: 12th Gen Intel(R) Core(TM) i5-1240P, 16 cores, 15G,  Windows 11 , 64 bit Build 22000 (10.0.22000.2538)
Time: Wed Oct  2 16:41:41 2024 India Standard Time elapsed time: 0.117724 seconds (0d 0h 0m 0s)

---------------  T H R E A D  ---------------

Current thread (0x00000247478a2810):  JavaThread "main" [_thread_in_vm, id=38500, stack(0x0000004753000000,0x0000004753100000)]

Stack: [0x0000004753000000,0x0000004753100000]
Native frames: (J=compiled Java code, j=interpreted, Vv=VM code, C=native code)
V  [jvm.dll+0x6993ca]
V  [jvm.dll+0x7f481d]
V  [jvm.dll+0x7f612e]
V  [jvm.dll+0x7f67e3]
V  [jvm.dll+0x25cdaf]
V  [jvm.dll+0x7f052b]
V  [jvm.dll+0x63f546]
V  [jvm.dll+0x1d741e]
V  [jvm.dll+0x641eeb]
V  [jvm.dll+0x641cee]
V  [jvm.dll+0x63ff0e]
V  [jvm.dll+0x25152f]
V  [jvm.dll+0x64a545]
V  [jvm.dll+0x2027b1]
V  [jvm.dll+0x202ce5]
V  [jvm.dll+0x20371f]
V  [jvm.dll+0x1f8bb1]
V  [jvm.dll+0x55dc05]
V  [jvm.dll+0x209a67]
V  [jvm.dll+0x76dddd]
V  [jvm.dll+0x76f116]
V  [jvm.dll+0x76f8a1]
V  [jvm.dll+0x2039b4]
V  [jvm.dll+0x1f8bca]
V  [jvm.dll+0x55dc05]
V  [jvm.dll+0x209a67]
V  [jvm.dll+0x76dddd]
V  [jvm.dll+0x76f116]
V  [jvm.dll+0x43441a]
C  [java.dll+0x1a55]

Java frames: (J=compiled Java code, j=interpreted, Vv=VM code)
j  java.lang.ClassLoader.findBootstrapClass(Ljava/lang/String;)Ljava/lang/Class;+0 java.base@18.0.2
j  java.lang.ClassLoader.findBootstrapClassOrNull(Ljava/lang/String;)Ljava/lang/Class;+10 java.base@18.0.2
j  java.lang.System$2.findBootstrapClassOrNull(Ljava/lang/String;)Ljava/lang/Class;+1 java.base@18.0.2
j  jdk.internal.loader.ClassLoaders$BootClassLoader.loadClassOrNull(Ljava/lang/String;Z)Ljava/lang/Class;+4 java.base@18.0.2
j  jdk.internal.loader.BuiltinClassLoader.loadClassOrNull(Ljava/lang/String;)Ljava/lang/Class;+3 java.base@18.0.2
j  jdk.internal.loader.BuiltinClassLoader.loadClassOrNull(Ljava/lang/String;Z)Ljava/lang/Class;+66 java.base@18.0.2
j  jdk.internal.loader.BuiltinClassLoader.loadClass(Ljava/lang/String;Z)Ljava/lang/Class;+3 java.base@18.0.2
j  jdk.internal.loader.ClassLoaders$AppClassLoader.loadClass(Ljava/lang/String;Z)Ljava/lang/Class;+36 java.base@18.0.2
j  java.lang.ClassLoader.loadClass(Ljava/lang/String;)Ljava/lang/Class;+3 java.base@18.0.2
v  ~StubRoutines::call_stub
j  java.lang.Class.getDeclaredMethods0(Z)[Ljava/lang/reflect/Method;+0 java.base@18.0.2
j  java.lang.Class.privateGetDeclaredMethods(Z)[Ljava/lang/reflect/Method;+34 java.base@18.0.2
j  java.lang.Class.getMethodsRecursive(Ljava/lang/String;[Ljava/lang/Class;Z)Ljava/lang/PublicMethods$MethodList;+2 java.base@18.0.2
j  java.lang.Class.getMethod0(Ljava/lang/String;[Ljava/lang/Class;)Ljava/lang/reflect/Method;+14 java.base@18.0.2
j  java.lang.Class.getMethod(Ljava/lang/String;[Ljava/lang/Class;)Ljava/lang/reflect/Method;+26 java.base@18.0.2
j  sun.launcher.LauncherHelper.validateMainClass(Ljava/lang/Class;)V+16 java.base@18.0.2
j  sun.launcher.LauncherHelper.checkAndLoadMain(ZILjava/lang/String;)Ljava/lang/Class;+80 java.base@18.0.2
v  ~StubRoutines::call_stub

---------------  P R O C E S S  ---------------

Threads class SMR info:
_java_thread_list=0x0000024704379ce0, length=14, elements={
0x00000247478a2810, 0x000002476af5e010, 0x000002476af60c80, 0x00000247041294a0,
0x0000024704129e40, 0x000002470412a7e0, 0x000002470412c5a0, 0x000002470412d680,
0x000002470414f200, 0x0000024704151f00, 0x00000247041ea560, 0x0000024704320030,
0x00000247043244b0, 0x0000024704415090
}

Java Threads: ( => current thread )
=>0x00000247478a2810 JavaThread "main" [_thread_in_vm, id=38500, stack(0x0000004753000000,0x0000004753100000)]
  0x000002476af5e010 JavaThread "Reference Handler" daemon [_thread_blocked, id=21580, stack(0x0000004753700000,0x0000004753800000)]
  0x000002476af60c80 JavaThread "Finalizer" daemon [_thread_blocked, id=48872, stack(0x0000004753800000,0x0000004753900000)]
  0x00000247041294a0 JavaThread "Signal Dispatcher" daemon [_thread_blocked, id=44668, stack(0x0000004753900000,0x0000004753a00000)]
  0x0000024704129e40 JavaThread "Attach Listener" daemon [_thread_blocked, id=49472, stack(0x0000004753a00000,0x0000004753b00000)]
  0x000002470412a7e0 JavaThread "Service Thread" daemon [_thread_blocked, id=60272, stack(0x0000004753b00000,0x0000004753c00000)]
  0x000002470412c5a0 JavaThread "Monitor Deflation Thread" daemon [_thread_blocked, id=22308, stack(0x0000004753c00000,0x0000004753d00000)]
  0x000002470412d680 JavaThread "C2 CompilerThread0" daemon [_thread_blocked, id=50420, stack(0x0000004753d00000,0x0000004753e00000)]
  0x000002470414f200 JavaThread "C1 CompilerThread0" daemon [_thread_blocked, id=58880, stack(0x0000004753e00000,0x0000004753f00000)]
  0x0000024704151f00 JavaThread "Sweeper thread" daemon [_thread_blocked, id=52928, stack(0x0000004753f00000,0x0000004754000000)]
  0x00000247041ea560 JavaThread "Common-Cleaner" daemon [_thread_blocked, id=39992, stack(0x0000004754000000,0x0000004754100000)]
  0x0000024704320030 JavaThread "C1 CompilerThread1" daemon [_thread_blocked, id=22736, stack(0x0000004754100000,0x0000004754200000)]
  0x00000247043244b0 JavaThread "C1 CompilerThread2" daemon [_thread_blocked, id=55376, stack(0x0000004754200000,0x0000004754300000)]
  0x0000024704415090 JavaThread "Notification Thread" daemon [_thread_blocked, id=38884, stack(0x0000004754300000,0x0000004754400000)]

Other Threads:
  0x000002476af46110 VMThread "VM Thread" [stack: 0x0000004753600000,0x0000004753700000] [id=52372]
  0x00000247043cb2e0 WatcherThread "VM Periodic Task Thread" [stack: 0x0000004754400000,0x0000004754500000] [id=42412]
  0x00000247479108e0 WorkerThread "GC Thread#0" [stack: 0x0000004753100000,0x0000004753200000] [id=42156]
  0x0000024747922330 ConcurrentGCThread "G1 Main Marker" [stack: 0x0000004753200000,0x0000004753300000] [id=50892]
  0x00000247479234c0 WorkerThread "G1 Conc#0" [stack: 0x0000004753300000,0x0000004753400000] [id=58968]
  0x000002476ad98a10 ConcurrentGCThread "G1 Refine#0" [stack: 0x0000004753400000,0x0000004753500000] [id=43704]
  0x000002476ad99320 ConcurrentGCThread "G1 Service" [stack: 0x0000004753500000,0x0000004753600000] [id=60432]

Threads with active compile tasks:

VM state: not at safepoint (normal execution)

VM Mutex/Monitor currently owned by a thread:  ([mutex/lock_event])
[0x000002474789cea0] Metaspace_lock - owner thread: 0x00000247478a2810

Heap address: 0x0000000704e00000, size: 4018 MB, Compressed Oops mode: Zero based, Oop shift amount: 3

CDS archive(s) not mapped
Compressed class space mapped at: 0x0000000800000000-0x0000000840000000, reserved size: 1073741824
Narrow klass base: 0x0000000800000000, Narrow klass shift: 0, Narrow klass range: 0x40000000

GC Precious Log:
 CardTable entry size: 512
 Card Set container configuration: InlinePtr #cards 4 size 8 Array Of Cards #cards 16 size 48 Howl #buckets 8 coarsen threshold 3686 Howl Bitmap #cards 512 size 80 coarsen threshold 460 Card regions per heap region 1 cards per card region 4096
 CPUs: 16 total, 16 available
 Memory: 16068M
 Large Page Support: Disabled
 NUMA Support: Disabled
 Compressed Oops: Enabled (Zero based)
 Heap Region Size: 2M
 Heap Min Capacity: 8M
 Heap Initial Capacity: 252M
 Heap Max Capacity: 4018M
 Pre-touch: Disabled
 Parallel Workers: 13
 Concurrent Workers: 3
 Concurrent Refinement Workers: 13
 Periodic GC: Disabled

Heap:
 garbage-first heap   total 258048K, used 2048K [0x0000000704e00000, 0x0000000800000000)
  region size 2048K, 2 young (4096K), 0 survivors (0K)
 Metaspace       used 6692K, committed 6784K, reserved 1114112K
  class space    used 551K, committed 640K, reserved 1048576K

Heap Regions: E=young(eden), S=young(survivor), O=old, HS=humongous(starts), HC=humongous(continues), CS=collection set, F=free, OA=open archive, CA=closed archive, TAMS=top-at-mark-start (previous, next)
|   0|0x0000000704e00000, 0x0000000704e00000, 0x0000000705000000|  0%| F|  |TAMS 0x0000000704e00000, 0x0000000704e00000| Untracked 
|   1|0x0000000705000000, 0x0000000705000000, 0x0000000705200000|  0%| F|  |TAMS 0x0000000705000000, 0x0000000705000000| Untracked 
|   2|0x0000000705200000, 0x0000000705200000, 0x0000000705400000|  0%| F|  |TAMS 0x0000000705200000, 0x0000000705200000| Untracked 
|   3|0x0000000705400000, 0x0000000705400000, 0x0000000705600000|  0%| F|  |TAMS 0x0000000705400000, 0x0000000705400000| Untracked 
|   4|0x0000000705600000, 0x0000000705600000, 0x0000000705800000|  0%| F|  |TAMS 0x0000000705600000, 0x0000000705600000| Untracked 
|   5|0x0000000705800000, 0x0000000705800000, 0x0000000705a00000|  0%| F|  |TAMS 0x0000000705800000, 0x0000000705800000| Untracked 
|   6|0x0000000705a00000, 0x0000000705a00000, 0x0000000705c00000|  0%| F|  |TAMS 0x0000000705a00000, 0x0000000705a00000| Untracked 
|   7|0x0000000705c00000, 0x0000000705c00000, 0x0000000705e00000|  0%| F|  |TAMS 0x0000000705c00000, 0x0000000705c00000| Untracked 
|   8|0x0000000705e00000, 0x0000000705e00000, 0x0000000706000000|  0%| F|  |TAMS 0x0000000705e00000, 0x0000000705e00000| Untracked 
|   9|0x0000000706000000, 0x0000000706000000, 0x0000000706200000|  0%| F|  |TAMS 0x0000000706000000, 0x0000000706000000| Untracked 
|  10|0x0000000706200000, 0x0000000706200000, 0x0000000706400000|  0%| F|  |TAMS 0x0000000706200000, 0x0000000706200000| Untracked 
|  11|0x0000000706400000, 0x0000000706400000, 0x0000000706600000|  0%| F|  |TAMS 0x0000000706400000, 0x0000000706400000| Untracked 
|  12|0x0000000706600000, 0x0000000706600000, 0x0000000706800000|  0%| F|  |TAMS 0x0000000706600000, 0x0000000706600000| Untracked 
|  13|0x0000000706800000, 0x0000000706800000, 0x0000000706a00000|  0%| F|  |TAMS 0x0000000706800000, 0x0000000706800000| Untracked 
|  14|0x0000000706a00000, 0x0000000706a00000, 0x0000000706c00000|  0%| F|  |TAMS 0x0000000706a00000, 0x0000000706a00000| Untracked 
|  15|0x0000000706c00000, 0x0000000706c00000, 0x0000000706e00000|  0%| F|  |TAMS 0x0000000706c00000, 0x0000000706c00000| Untracked 
|  16|0x0000000706e00000, 0x0000000706e00000, 0x0000000707000000|  0%| F|  |TAMS 0x0000000706e00000, 0x0000000706e00000| Untracked 
|  17|0x0000000707000000, 0x0000000707000000, 0x0000000707200000|  0%| F|  |TAMS 0x0000000707000000, 0x0000000707000000| Untracked 
|  18|0x0000000707200000, 0x0000000707200000, 0x0000000707400000|  0%| F|  |TAMS 0x0000000707200000, 0x0000000707200000| Untracked 
|  19|0x0000000707400000, 0x0000000707400000, 0x0000000707600000|  0%| F|  |TAMS 0x0000000707400000, 0x0000000707400000| Untracked 
|  20|0x0000000707600000, 0x0000000707600000, 0x0000000707800000|  0%| F|  |TAMS 0x0000000707600000, 0x0000000707600000| Untracked 
|  21|0x0000000707800000, 0x0000000707800000, 0x0000000707a00000|  0%| F|  |TAMS 0x0000000707800000, 0x0000000707800000| Untracked 
|  22|0x0000000707a00000, 0x0000000707a00000, 0x0000000707c00000|  0%| F|  |TAMS 0x0000000707a00000, 0x0000000707a00000| Untracked 
|  23|0x0000000707c00000, 0x0000000707c00000, 0x0000000707e00000|  0%| F|  |TAMS 0x0000000707c00000, 0x0000000707c00000| Untracked 
|  24|0x0000000707e00000, 0x0000000707e00000, 0x0000000708000000|  0%| F|  |TAMS 0x0000000707e00000, 0x0000000707e00000| Untracked 
|  25|0x0000000708000000, 0x0000000708000000, 0x0000000708200000|  0%| F|  |TAMS 0x0000000708000000, 0x0000000708000000| Untracked 
|  26|0x0000000708200000, 0x0000000708200000, 0x0000000708400000|  0%| F|  |TAMS 0x0000000708200000, 0x0000000708200000| Untracked 
|  27|0x0000000708400000, 0x0000000708400000, 0x0000000708600000|  0%| F|  |TAMS 0x0000000708400000, 0x0000000708400000| Untracked 
|  28|0x0000000708600000, 0x0000000708600000, 0x0000000708800000|  0%| F|  |TAMS 0x0000000708600000, 0x0000000708600000| Untracked 
|  29|0x0000000708800000, 0x0000000708800000, 0x0000000708a00000|  0%| F|  |TAMS 0x0000000708800000, 0x0000000708800000| Untracked 
|  30|0x0000000708a00000, 0x0000000708a00000, 0x0000000708c00000|  0%| F|  |TAMS 0x0000000708a00000, 0x0000000708a00000| Untracked 
|  31|0x0000000708c00000, 0x0000000708c00000, 0x0000000708e00000|  0%| F|  |TAMS 0x0000000708c00000, 0x0000000708c00000| Untracked 
|  32|0x0000000708e00000, 0x0000000708e00000, 0x0000000709000000|  0%| F|  |TAMS 0x0000000708e00000, 0x0000000708e00000| Untracked 
|  33|0x0000000709000000, 0x0000000709000000, 0x0000000709200000|  0%| F|  |TAMS 0x0000000709000000, 0x0000000709000000| Untracked 
|  34|0x0000000709200000, 0x0000000709200000, 0x0000000709400000|  0%| F|  |TAMS 0x0000000709200000, 0x0000000709200000| Untracked 
|  35|0x0000000709400000, 0x0000000709400000, 0x0000000709600000|  0%| F|  |TAMS 0x0000000709400000, 0x0000000709400000| Untracked 
|  36|0x0000000709600000, 0x0000000709600000, 0x0000000709800000|  0%| F|  |TAMS 0x0000000709600000, 0x0000000709600000| Untracked 
|  37|0x0000000709800000, 0x0000000709800000, 0x0000000709a00000|  0%| F|  |TAMS 0x0000000709800000, 0x0000000709800000| Untracked 
|  38|0x0000000709a00000, 0x0000000709a00000, 0x0000000709c00000|  0%| F|  |TAMS 0x0000000709a00000, 0x0000000709a00000| Untracked 
|  39|0x0000000709c00000, 0x0000000709c00000, 0x0000000709e00000|  0%| F|  |TAMS 0x0000000709c00000, 0x0000000709c00000| Untracked 
|  40|0x0000000709e00000, 0x0000000709e00000, 0x000000070a000000|  0%| F|  |TAMS 0x0000000709e00000, 0x0000000709e00000| Untracked 
|  41|0x000000070a000000, 0x000000070a000000, 0x000000070a200000|  0%| F|  |TAMS 0x000000070a000000, 0x000000070a000000| Untracked 
|  42|0x000000070a200000, 0x000000070a200000, 0x000000070a400000|  0%| F|  |TAMS 0x000000070a200000, 0x000000070a200000| Untracked 
|  43|0x000000070a400000, 0x000000070a400000, 0x000000070a600000|  0%| F|  |TAMS 0x000000070a400000, 0x000000070a400000| Untracked 
|  44|0x000000070a600000, 0x000000070a600000, 0x000000070a800000|  0%| F|  |TAMS 0x000000070a600000, 0x000000070a600000| Untracked 
|  45|0x000000070a800000, 0x000000070a800000, 0x000000070aa00000|  0%| F|  |TAMS 0x000000070a800000, 0x000000070a800000| Untracked 
|  46|0x000000070aa00000, 0x000000070aa00000, 0x000000070ac00000|  0%| F|  |TAMS 0x000000070aa00000, 0x000000070aa00000| Untracked 
|  47|0x000000070ac00000, 0x000000070ac00000, 0x000000070ae00000|  0%| F|  |TAMS 0x000000070ac00000, 0x000000070ac00000| Untracked 
|  48|0x000000070ae00000, 0x000000070ae00000, 0x000000070b000000|  0%| F|  |TAMS 0x000000070ae00000, 0x000000070ae00000| Untracked 
|  49|0x000000070b000000, 0x000000070b000000, 0x000000070b200000|  0%| F|  |TAMS 0x000000070b000000, 0x000000070b000000| Untracked 
|  50|0x000000070b200000, 0x000000070b200000, 0x000000070b400000|  0%| F|  |TAMS 0x000000070b200000, 0x000000070b200000| Untracked 
|  51|0x000000070b400000, 0x000000070b400000, 0x000000070b600000|  0%| F|  |TAMS 0x000000070b400000, 0x000000070b400000| Untracked 
|  52|0x000000070b600000, 0x000000070b600000, 0x000000070b800000|  0%| F|  |TAMS 0x000000070b600000, 0x000000070b600000| Untracked 
|  53|0x000000070b800000, 0x000000070b800000, 0x000000070ba00000|  0%| F|  |TAMS 0x000000070b800000, 0x000000070b800000| Untracked 
|  54|0x000000070ba00000, 0x000000070ba00000, 0x000000070bc00000|  0%| F|  |TAMS 0x000000070ba00000, 0x000000070ba00000| Untracked 
|  55|0x000000070bc00000, 0x000000070bc00000, 0x000000070be00000|  0%| F|  |TAMS 0x000000070bc00000, 0x000000070bc00000| Untracked 
|  56|0x000000070be00000, 0x000000070be00000, 0x000000070c000000|  0%| F|  |TAMS 0x000000070be00000, 0x000000070be00000| Untracked 
|  57|0x000000070c000000, 0x000000070c000000, 0x000000070c200000|  0%| F|  |TAMS 0x000000070c000000, 0x000000070c000000| Untracked 
|  58|0x000000070c200000, 0x000000070c200000, 0x000000070c400000|  0%| F|  |TAMS 0x000000070c200000, 0x000000070c200000| Untracked 
|  59|0x000000070c400000, 0x000000070c400000, 0x000000070c600000|  0%| F|  |TAMS 0x000000070c400000, 0x000000070c400000| Untracked 
|  60|0x000000070c600000, 0x000000070c600000, 0x000000070c800000|  0%| F|  |TAMS 0x000000070c600000, 0x000000070c600000| Untracked 
|  61|0x000000070c800000, 0x000000070c800000, 0x000000070ca00000|  0%| F|  |TAMS 0x000000070c800000, 0x000000070c800000| Untracked 
|  62|0x000000070ca00000, 0x000000070ca00000, 0x000000070cc00000|  0%| F|  |TAMS 0x000000070ca00000, 0x000000070ca00000| Untracked 
|  63|0x000000070cc00000, 0x000000070cc00000, 0x000000070ce00000|  0%| F|  |TAMS 0x000000070cc00000, 0x000000070cc00000| Untracked 
|  64|0x000000070ce00000, 0x000000070ce00000, 0x000000070d000000|  0%| F|  |TAMS 0x000000070ce00000, 0x000000070ce00000| Untracked 
|  65|0x000000070d000000, 0x000000070d000000, 0x000000070d200000|  0%| F|  |TAMS 0x000000070d000000, 0x000000070d000000| Untracked 
|  66|0x000000070d200000, 0x000000070d200000, 0x000000070d400000|  0%| F|  |TAMS 0x000000070d200000, 0x000000070d200000| Untracked 
|  67|0x000000070d400000, 0x000000070d400000, 0x000000070d600000|  0%| F|  |TAMS 0x000000070d400000, 0x000000070d400000| Untracked 
|  68|0x000000070d600000, 0x000000070d600000, 0x000000070d800000|  0%| F|  |TAMS 0x000000070d600000, 0x000000070d600000| Untracked 
|  69|0x000000070d800000, 0x000000070d800000, 0x000000070da00000|  0%| F|  |TAMS 0x000000070d800000, 0x000000070d800000| Untracked 
|  70|0x000000070da00000, 0x000000070da00000, 0x000000070dc00000|  0%| F|  |TAMS 0x000000070da00000, 0x000000070da00000| Untracked 
|  71|0x000000070dc00000, 0x000000070dc00000, 0x000000070de00000|  0%| F|  |TAMS 0x000000070dc00000, 0x000000070dc00000| Untracked 
|  72|0x000000070de00000, 0x000000070de00000, 0x000000070e000000|  0%| F|  |TAMS 0x000000070de00000, 0x000000070de00000| Untracked 
|  73|0x000000070e000000, 0x000000070e000000, 0x000000070e200000|  0%| F|  |TAMS 0x000000070e000000, 0x000000070e000000| Untracked 
|  74|0x000000070e200000, 0x000000070e200000, 0x000000070e400000|  0%| F|  |TAMS 0x000000070e200000, 0x000000070e200000| Untracked 
|  75|0x000000070e400000, 0x000000070e400000, 0x000000070e600000|  0%| F|  |TAMS 0x000000070e400000, 0x000000070e400000| Untracked 
|  76|0x000000070e600000, 0x000000070e600000, 0x000000070e800000|  0%| F|  |TAMS 0x000000070e600000, 0x000000070e600000| Untracked 
|  77|0x000000070e800000, 0x000000070e800000, 0x000000070ea00000|  0%| F|  |TAMS 0x000000070e800000, 0x000000070e800000| Untracked 
|  78|0x000000070ea00000, 0x000000070ea00000, 0x000000070ec00000|  0%| F|  |TAMS 0x000000070ea00000, 0x000000070ea00000| Untracked 
|  79|0x000000070ec00000, 0x000000070ec00000, 0x000000070ee00000|  0%| F|  |TAMS 0x000000070ec00000, 0x000000070ec00000| Untracked 
|  80|0x000000070ee00000, 0x000000070ee00000, 0x000000070f000000|  0%| F|  |TAMS 0x000000070ee00000, 0x000000070ee00000| Untracked 
|  81|0x000000070f000000, 0x000000070f000000, 0x000000070f200000|  0%| F|  |TAMS 0x000000070f000000, 0x000000070f000000| Untracked 
|  82|0x000000070f200000, 0x000000070f200000, 0x000000070f400000|  0%| F|  |TAMS 0x000000070f200000, 0x000000070f200000| Untracked 
|  83|0x000000070f400000, 0x000000070f400000, 0x000000070f600000|  0%| F|  |TAMS 0x000000070f400000, 0x000000070f400000| Untracked 
|  84|0x000000070f600000, 0x000000070f600000, 0x000000070f800000|  0%| F|  |TAMS 0x000000070f600000, 0x000000070f600000| Untracked 
|  85|0x000000070f800000, 0x000000070f800000, 0x000000070fa00000|  0%| F|  |TAMS 0x000000070f800000, 0x000000070f800000| Untracked 
|  86|0x000000070fa00000, 0x000000070fa00000, 0x000000070fc00000|  0%| F|  |TAMS 0x000000070fa00000, 0x000000070fa00000| Untracked 
|  87|0x000000070fc00000, 0x000000070fc00000, 0x000000070fe00000|  0%| F|  |TAMS 0x000000070fc00000, 0x000000070fc00000| Untracked 
|  88|0x000000070fe00000, 0x000000070fe00000, 0x0000000710000000|  0%| F|  |TAMS 0x000000070fe00000, 0x000000070fe00000| Untracked 
|  89|0x0000000710000000, 0x0000000710000000, 0x0000000710200000|  0%| F|  |TAMS 0x0000000710000000, 0x0000000710000000| Untracked 
|  90|0x0000000710200000, 0x0000000710200000, 0x0000000710400000|  0%| F|  |TAMS 0x0000000710200000, 0x0000000710200000| Untracked 
|  91|0x0000000710400000, 0x0000000710400000, 0x0000000710600000|  0%| F|  |TAMS 0x0000000710400000, 0x0000000710400000| Untracked 
|  92|0x0000000710600000, 0x0000000710600000, 0x0000000710800000|  0%| F|  |TAMS 0x0000000710600000, 0x0000000710600000| Untracked 
|  93|0x0000000710800000, 0x0000000710800000, 0x0000000710a00000|  0%| F|  |TAMS 0x0000000710800000, 0x0000000710800000| Untracked 
|  94|0x0000000710a00000, 0x0000000710a00000, 0x0000000710c00000|  0%| F|  |TAMS 0x0000000710a00000, 0x0000000710a00000| Untracked 
|  95|0x0000000710c00000, 0x0000000710c00000, 0x0000000710e00000|  0%| F|  |TAMS 0x0000000710c00000, 0x0000000710c00000| Untracked 
|  96|0x0000000710e00000, 0x0000000710e00000, 0x0000000711000000|  0%| F|  |TAMS 0x0000000710e00000, 0x0000000710e00000| Untracked 
|  97|0x0000000711000000, 0x0000000711000000, 0x0000000711200000|  0%| F|  |TAMS 0x0000000711000000, 0x0000000711000000| Untracked 
|  98|0x0000000711200000, 0x0000000711200000, 0x0000000711400000|  0%| F|  |TAMS 0x0000000711200000, 0x0000000711200000| Untracked 
|  99|0x0000000711400000, 0x0000000711400000, 0x0000000711600000|  0%| F|  |TAMS 0x0000000711400000, 0x0000000711400000| Untracked 
| 100|0x0000000711600000, 0x0000000711600000, 0x0000000711800000|  0%| F|  |TAMS 0x0000000711600000, 0x0000000711600000| Untracked 
| 101|0x0000000711800000, 0x0000000711800000, 0x0000000711a00000|  0%| F|  |TAMS 0x0000000711800000, 0x0000000711800000| Untracked 
| 102|0x0000000711a00000, 0x0000000711a00000, 0x0000000711c00000|  0%| F|  |TAMS 0x0000000711a00000, 0x0000000711a00000| Untracked 
| 103|0x0000000711c00000, 0x0000000711c00000, 0x0000000711e00000|  0%| F|  |TAMS 0x0000000711c00000, 0x0000000711c00000| Untracked 
| 104|0x0000000711e00000, 0x0000000711e00000, 0x0000000712000000|  0%| F|  |TAMS 0x0000000711e00000, 0x0000000711e00000| Untracked 
| 105|0x0000000712000000, 0x0000000712000000, 0x0000000712200000|  0%| F|  |TAMS 0x0000000712000000, 0x0000000712000000| Untracked 
| 106|0x0000000712200000, 0x0000000712200000, 0x0000000712400000|  0%| F|  |TAMS 0x0000000712200000, 0x0000000712200000| Untracked 
| 107|0x0000000712400000, 0x0000000712400000, 0x0000000712600000|  0%| F|  |TAMS 0x0000000712400000, 0x0000000712400000| Untracked 
| 108|0x0000000712600000, 0x0000000712600000, 0x0000000712800000|  0%| F|  |TAMS 0x0000000712600000, 0x0000000712600000| Untracked 
| 109|0x0000000712800000, 0x0000000712800000, 0x0000000712a00000|  0%| F|  |TAMS 0x0000000712800000, 0x0000000712800000| Untracked 
| 110|0x0000000712a00000, 0x0000000712a00000, 0x0000000712c00000|  0%| F|  |TAMS 0x0000000712a00000, 0x0000000712a00000| Untracked 
| 111|0x0000000712c00000, 0x0000000712c00000, 0x0000000712e00000|  0%| F|  |TAMS 0x0000000712c00000, 0x0000000712c00000| Untracked 
| 112|0x0000000712e00000, 0x0000000712e00000, 0x0000000713000000|  0%| F|  |TAMS 0x0000000712e00000, 0x0000000712e00000| Untracked 
| 113|0x0000000713000000, 0x0000000713000000, 0x0000000713200000|  0%| F|  |TAMS 0x0000000713000000, 0x0000000713000000| Untracked 
| 114|0x0000000713200000, 0x0000000713200000, 0x0000000713400000|  0%| F|  |TAMS 0x0000000713200000, 0x0000000713200000| Untracked 
| 115|0x0000000713400000, 0x0000000713400000, 0x0000000713600000|  0%| F|  |TAMS 0x0000000713400000, 0x0000000713400000| Untracked 
| 116|0x0000000713600000, 0x0000000713600000, 0x0000000713800000|  0%| F|  |TAMS 0x0000000713600000, 0x0000000713600000| Untracked 
| 117|0x0000000713800000, 0x0000000713800000, 0x0000000713a00000|  0%| F|  |TAMS 0x0000000713800000, 0x0000000713800000| Untracked 
| 118|0x0000000713a00000, 0x0000000713a00000, 0x0000000713c00000|  0%| F|  |TAMS 0x0000000713a00000, 0x0000000713a00000| Untracked 
| 119|0x0000000713c00000, 0x0000000713c00000, 0x0000000713e00000|  0%| F|  |TAMS 0x0000000713c00000, 0x0000000713c00000| Untracked 
| 120|0x0000000713e00000, 0x0000000713e00000, 0x0000000714000000|  0%| F|  |TAMS 0x0000000713e00000, 0x0000000713e00000| Untracked 
| 121|0x0000000714000000, 0x0000000714000000, 0x0000000714200000|  0%| F|  |TAMS 0x0000000714000000, 0x0000000714000000| Untracked 
| 122|0x0000000714200000, 0x0000000714200000, 0x0000000714400000|  0%| F|  |TAMS 0x0000000714200000, 0x0000000714200000| Untracked 
| 123|0x0000000714400000, 0x0000000714400000, 0x0000000714600000|  0%| F|  |TAMS 0x0000000714400000, 0x0000000714400000| Untracked 
| 124|0x0000000714600000, 0x0000000714752950, 0x0000000714800000| 66%| E|  |TAMS 0x0000000714600000, 0x0000000714600000| Complete 
| 125|0x0000000714800000, 0x0000000714a00000, 0x0000000714a00000|100%| E|CS|TAMS 0x0000000714800000, 0x0000000714800000| Complete 

Card table byte_map: [0x000002475f240000,0x000002475fa20000] _byte_map_base: 0x000002475ba19000

Marking Bits (Prev, Next): (CMBitMap*) 0x0000024747911ef0, (CMBitMap*) 0x0000024747911f30
 Prev Bits: [0x0000024760200000, 0x00000247640c8000)
 Next Bits: [0x00000247640d0000, 0x0000024767f98000)

Polling page: 0x0000024745880000

Metaspace:

Usage:
  Non-class:      6.00 MB used.
      Class:    551.41 KB used.
       Both:      6.54 MB used.

Virtual space:
  Non-class space:       64.00 MB reserved,       6.00 MB (  9%) committed,  1 nodes.
      Class space:        1.00 GB reserved,     640.00 KB ( <1%) committed,  1 nodes.
             Both:        1.06 GB reserved,       6.62 MB ( <1%) committed. 

Chunk freelists:
   Non-Class:  1.00 MB
       Class:  3.24 MB
        Both:  4.24 MB

MaxMetaspaceSize: unlimited
CompressedClassSpaceSize: 1.00 GB
Initial GC threshold: 21.00 MB
Current GC threshold: 21.00 MB
CDS: off
MetaspaceReclaimPolicy: balanced
 - commit_granule_bytes: 65536.
 - commit_granule_words: 8192.
 - virtual_space_node_default_size: 8388608.
 - enlarge_chunks_in_place: 1.
 - new_chunks_are_fully_committed: 0.
 - uncommit_free_chunks: 1.
 - use_allocation_guard: 0.


Internal statistics:

num_allocs_failed_limit: 0.
num_arena_births: 8.
num_arena_deaths: 0.
num_vsnodes_births: 2.
num_vsnodes_deaths: 0.
num_space_committed: 106.
num_space_uncommitted: 0.
num_chunks_returned_to_freelist: 0.
num_chunks_taken_from_freelist: 25.
num_chunk_merges: 0.
num_chunk_splits: 8.
num_chunks_enlarged: 2.
num_inconsistent_stats: 0.

CodeHeap 'non-profiled nmethods': size=119168Kb used=68Kb max_used=68Kb free=119099Kb
 bounds [0x0000024756d70000, 0x0000024756fe0000, 0x000002475e1d0000]
CodeHeap 'profiled nmethods': size=119104Kb used=276Kb max_used=276Kb free=118828Kb
 bounds [0x000002474f920000, 0x000002474fb90000, 0x0000024756d70000]
CodeHeap 'non-nmethods': size=7488Kb used=2238Kb max_used=2248Kb free=5250Kb
 bounds [0x000002474f1d0000, 0x000002474f440000, 0x000002474f920000]
 total_blobs=614 nmethods=237 adapters=288
 compilation: enabled
              stopped_count=0, restarted_count=0
 full_count=0

Compilation events (20 events):
Event: 0.106 Thread 0x000002470414f200 nmethod 226 0x000002474f960010 code [0x000002474f9601e0, 0x000002474f9605e8]
Event: 0.106 Thread 0x000002470414f200  228       3       java.util.zip.ZipFile$Source::nextEntryPos (22 bytes)
Event: 0.106 Thread 0x000002470412d680 nmethod 219 0x0000024756d80690 code [0x0000024756d80800, 0x0000024756d808b8]
Event: 0.106 Thread 0x000002470412d680  231       4       java.util.zip.ZipCoder$UTF8ZipCoder::checkedHash (91 bytes)
Event: 0.106 Thread 0x000002470414f200 nmethod 228 0x000002474f961010 code [0x000002474f9611c0, 0x000002474f9614f8]
Event: 0.106 Thread 0x0000024704320030 nmethod 227 0x000002474f960790 code [0x000002474f960940, 0x000002474f960e58]
Event: 0.107 Thread 0x00000247043244b0 nmethod 221 0x000002474f961690 code [0x000002474f961a00, 0x000002474f962dc8]
Event: 0.109 Thread 0x000002470412d680 nmethod 231 0x0000024756d80990 code [0x0000024756d80b20, 0x0000024756d80db8]
Event: 0.110 Thread 0x0000024704320030  232       3       sun.nio.fs.WindowsPathParser::isInvalidPathChar (22 bytes)
Event: 0.110 Thread 0x0000024704320030 nmethod 232 0x000002474f963910 code [0x000002474f963ae0, 0x000002474f963e28]
Event: 0.110 Thread 0x0000024704320030  233       3       java.io.WinNTFileSystem::isSlash (18 bytes)
Event: 0.110 Thread 0x000002470412d680  234       4       java.lang.String::charAt (25 bytes)
Event: 0.110 Thread 0x0000024704320030 nmethod 233 0x000002474f963f90 code [0x000002474f964120, 0x000002474f9642b8]
Event: 0.110 Thread 0x0000024704320030  235       3       java.lang.CharacterDataLatin1::getProperties (11 bytes)
Event: 0.110 Thread 0x00000247043244b0  236       3       java.lang.CharacterDataLatin1::toLowerCase (39 bytes)
Event: 0.110 Thread 0x0000024704320030 nmethod 235 0x000002474f964390 code [0x000002474f964520, 0x000002474f964658]
Event: 0.110 Thread 0x00000247043244b0 nmethod 236 0x000002474f964710 code [0x000002474f9648c0, 0x000002474f964b18]
Event: 0.111 Thread 0x000002470412d680 nmethod 234 0x0000024756d80f10 code [0x0000024756d810a0, 0x0000024756d811a8]
Event: 0.116 Thread 0x000002470414f200  237       3       java.lang.Class::getName (18 bytes)
Event: 0.116 Thread 0x000002470414f200 nmethod 237 0x000002474f964c10 code [0x000002474f964dc0, 0x000002474f964f48]

GC Heap History (0 events):
No events

Deoptimization events (0 events):
No events

Classes loaded (20 events):
Event: 0.114 Loading class javax/swing/RootPaneContainer done
Event: 0.114 Loading class javax/swing/TransferHandler$HasGetTransferHandler
Event: 0.114 Loading class javax/swing/TransferHandler$HasGetTransferHandler done
Event: 0.114 Loading class java/awt/Frame
Event: 0.114 Loading class java/awt/MenuContainer
Event: 0.114 Loading class java/awt/MenuContainer done
Event: 0.114 Loading class java/awt/Window
Event: 0.114 Loading class java/awt/Container
Event: 0.115 Loading class java/awt/Component
Event: 0.115 Loading class java/awt/image/ImageObserver
Event: 0.115 Loading class java/awt/image/ImageObserver done
Event: 0.115 Loading class java/awt/Component done
Event: 0.115 Loading class java/awt/Container done
Event: 0.115 Loading class java/awt/Window done
Event: 0.115 Loading class java/awt/Frame done
Event: 0.115 Loading class javax/swing/JFrame done
Event: 0.116 Loading class javax/swing/JLabel
Event: 0.117 Loading class javax/swing/SwingConstants
Event: 0.117 Loading class javax/swing/SwingConstants done
Event: 0.117 Loading class javax/swing/JComponent

Classes unloaded (0 events):
No events

Classes redefined (0 events):
No events

Internal exceptions (4 events):
Event: 0.088 Thread 0x00000247478a2810 Exception <a 'sun/nio/fs/WindowsException'{0x000000071494ad50}> (0x000000071494ad50) 
thrown [s\open\src\hotspot\share\prims\jni.cpp, line 516]
Event: 0.088 Thread 0x00000247478a2810 Exception <a 'sun/nio/fs/WindowsException'{0x000000071494b2e0}> (0x000000071494b2e0) 
thrown [s\open\src\hotspot\share\prims\jni.cpp, line 516]
Event: 0.089 Thread 0x00000247478a2810 Exception <a 'sun/nio/fs/WindowsException'{0x000000071494d7b8}> (0x000000071494d7b8) 
thrown [s\open\src\hotspot\share\prims\jni.cpp, line 516]
Event: 0.089 Thread 0x00000247478a2810 Exception <a 'sun/nio/fs/WindowsException'{0x000000071494e2e8}> (0x000000071494e2e8) 
thrown [s\open\src\hotspot\share\prims\jni.cpp, line 516]

VM Operations (2 events):
Event: 0.090 Executing VM operation: HandshakeAllThreads
Event: 0.090 Executing VM operation: HandshakeAllThreads done

Events (19 events):
Event: 0.005 Loaded shared library C:\Program Files\Java\jdk-18.0.2\bin\java.dll
Event: 0.021 Loaded shared library C:\Program Files\Java\jdk-18.0.2\bin\jsvml.dll
Event: 0.021 Thread 0x00000247478a2810 Thread added: 0x00000247478a2810
Event: 0.024 Thread 0x000002476af5e010 Thread added: 0x000002476af5e010
Event: 0.024 Thread 0x000002476af60c80 Thread added: 0x000002476af60c80
Event: 0.036 Thread 0x00000247041294a0 Thread added: 0x00000247041294a0
Event: 0.036 Thread 0x0000024704129e40 Thread added: 0x0000024704129e40
Event: 0.037 Thread 0x000002470412a7e0 Thread added: 0x000002470412a7e0
Event: 0.037 Thread 0x000002470412c5a0 Thread added: 0x000002470412c5a0
Event: 0.037 Thread 0x000002470412d680 Thread added: 0x000002470412d680
Event: 0.037 Thread 0x000002470414f200 Thread added: 0x000002470414f200
Event: 0.037 Thread 0x0000024704151f00 Thread added: 0x0000024704151f00
Event: 0.067 Thread 0x00000247041ea560 Thread added: 0x00000247041ea560
Event: 0.078 Thread 0x0000024704320030 Thread added: 0x0000024704320030
Event: 0.085 Loaded shared library C:\Program Files\Java\jdk-18.0.2\bin\net.dll
Event: 0.086 Loaded shared library C:\Program Files\Java\jdk-18.0.2\bin\nio.dll
Event: 0.091 Thread 0x00000247043244b0 Thread added: 0x00000247043244b0
Event: 0.098 Thread 0x0000024704415090 Thread added: 0x0000024704415090
Event: 0.109 Loaded shared library C:\Program Files\Java\jdk-18.0.2\bin\zip.dll


Dynamic libraries:
0x00007ff7d6410000 - 0x00007ff7d6420000 	C:\Program Files\Java\jdk-18.0.2\bin\java.exe
0x00007fff71660000 - 0x00007fff71869000 	C:\Windows\SYSTEM32\ntdll.dll
0x00007fff70380000 - 0x00007fff7043d000 	C:\Windows\System32\KERNEL32.DLL
0x00007fff6ec90000 - 0x00007fff6f014000 	C:\Windows\System32\KERNELBASE.dll
0x00007fff689e0000 - 0x00007fff68a72000 	C:\Windows\SYSTEM32\apphelp.dll
0x00007fff6f2d0000 - 0x00007fff6f3e1000 	C:\Windows\System32\ucrtbase.dll
0x00007fff63ae0000 - 0x00007fff63af8000 	C:\Program Files\Java\jdk-18.0.2\bin\jli.dll
0x00007fff70b90000 - 0x00007fff70c3e000 	C:\Windows\System32\ADVAPI32.dll
0x00007fff59370000 - 0x00007fff5938a000 	C:\Program Files\Java\jdk-18.0.2\bin\VCRUNTIME140.dll
0x00007fff70700000 - 0x00007fff707a3000 	C:\Windows\System32\msvcrt.dll
0x00007fff6f720000 - 0x00007fff6f7be000 	C:\Windows\System32\sechost.dll
0x00007fff6f5f0000 - 0x00007fff6f711000 	C:\Windows\System32\RPCRT4.dll
0x00007fff70990000 - 0x00007fff70b3d000 	C:\Windows\System32\USER32.dll
0x00007fff6f130000 - 0x00007fff6f156000 	C:\Windows\System32\win32u.dll
0x00007fff70b50000 - 0x00007fff70b7a000 	C:\Windows\System32\GDI32.dll
0x00007fff3e7f0000 - 0x00007fff3ea95000 	C:\Windows\WinSxS\amd64_microsoft.windows.common-controls_6595b64144ccf1df_6.0.22000.120_none_9d947278b86cc467\COMCTL32.dll
0x00007fff6eaf0000 - 0x00007fff6ec0e000 	C:\Windows\System32\gdi32full.dll
0x00007fff6f020000 - 0x00007fff6f0bd000 	C:\Windows\System32\msvcp_win.dll
0x00007fff582b0000 - 0x00007fff582ba000 	C:\Windows\SYSTEM32\VERSION.dll
0x00007fff70c40000 - 0x00007fff70c71000 	C:\Windows\System32\IMM32.DLL
0x00007fff672f0000 - 0x00007fff672fc000 	C:\Program Files\Java\jdk-18.0.2\bin\vcruntime140_1.dll
0x00007fff218f0000 - 0x00007fff2197d000 	C:\Program Files\Java\jdk-18.0.2\bin\msvcp140.dll
0x00007ffed9190000 - 0x00007ffed9da1000 	C:\Program Files\Java\jdk-18.0.2\bin\server\jvm.dll
0x00007fff70b80000 - 0x00007fff70b88000 	C:\Windows\System32\PSAPI.DLL
0x00007fff50bc0000 - 0x00007fff50bc9000 	C:\Windows\SYSTEM32\WSOCK32.dll
0x00007fff6c5b0000 - 0x00007fff6c5e3000 	C:\Windows\SYSTEM32\WINMM.dll
0x00007fff6fb40000 - 0x00007fff6fbaf000 	C:\Windows\System32\WS2_32.dll
0x00007fff6dc50000 - 0x00007fff6dc68000 	C:\Windows\SYSTEM32\kernel.appcore.dll
0x00007fff63ad0000 - 0x00007fff63ada000 	C:\Program Files\Java\jdk-18.0.2\bin\jimage.dll
0x00007fff6c2f0000 - 0x00007fff6c511000 	C:\Windows\SYSTEM32\DBGHELP.DLL
0x00007fff6c570000 - 0x00007fff6c5a1000 	C:\Windows\SYSTEM32\dbgcore.DLL
0x00007fff6ec10000 - 0x00007fff6ec8f000 	C:\Windows\System32\bcryptPrimitives.dll
0x00007fff57d80000 - 0x00007fff57da5000 	C:\Program Files\Java\jdk-18.0.2\bin\java.dll
0x00007fff329f0000 - 0x00007fff32ac6000 	C:\Program Files\Java\jdk-18.0.2\bin\jsvml.dll
0x00007fff70c80000 - 0x00007fff71445000 	C:\Windows\System32\SHELL32.dll
0x00007fff6cbd0000 - 0x00007fff6d432000 	C:\Windows\SYSTEM32\windows.storage.dll
0x00007fff6f7c0000 - 0x00007fff6fb36000 	C:\Windows\System32\combase.dll
0x00007fff6ca60000 - 0x00007fff6cbc7000 	C:\Windows\SYSTEM32\wintypes.dll
0x00007fff707b0000 - 0x00007fff7089a000 	C:\Windows\System32\SHCORE.dll
0x00007fff70290000 - 0x00007fff702ed000 	C:\Windows\System32\shlwapi.dll
0x00007fff6ea20000 - 0x00007fff6ea45000 	C:\Windows\SYSTEM32\profapi.dll
0x00007fff530d0000 - 0x00007fff530e3000 	C:\Program Files\Java\jdk-18.0.2\bin\net.dll
0x00007fff670f0000 - 0x00007fff67204000 	C:\Windows\SYSTEM32\WINHTTP.dll
0x00007fff6e100000 - 0x00007fff6e167000 	C:\Windows\system32\mswsock.dll
0x00007fff3a1e0000 - 0x00007fff3a1f6000 	C:\Program Files\Java\jdk-18.0.2\bin\nio.dll
0x00007fff341f0000 - 0x00007fff34208000 	C:\Program Files\Java\jdk-18.0.2\bin\zip.dll

dbghelp: loaded successfully - version: 4.0.5 - missing functions: none
symbol engine: initialized successfully - sym options: 0x614 - pdb path: .;C:\Program Files\Java\jdk-18.0.2\bin;C:\Windows\SYSTEM32;C:\Windows\WinSxS\amd64_microsoft.windows.common-controls_6595b64144ccf1df_6.0.22000.120_none_9d947278b86cc467;C:\Program Files\Java\jdk-18.0.2\bin\server

VM Arguments:
jvm_args: -Dfile.encoding=UTF-8 --module-path=C:\Users\RATAN\Documents\NetBeansProjects\Employee Management System\build\classes 
java_command: employee.management.system.Splash
java_class_path (initial): C:\Users\RATAN\Downloads\mysql-connector-java-8.0.28.jar;C:\Users\RATAN\Downloads\jcalendar-tz-1.3.3-4.jar;C:\Users\RATAN\Downloads\rs2xml.jar;C:\Users\RATAN\Documents\NetBeansProjects\Employee Management System\build\classes
Launcher Type: SUN_STANDARD

[Global flags]
     intx CICompilerCount                          = 12                                        {product} {ergonomic}
     uint ConcGCThreads                            = 3                                         {product} {ergonomic}
     uint G1ConcRefinementThreads                  = 13                                        {product} {ergonomic}
   size_t G1HeapRegionSize                         = 2097152                                   {product} {ergonomic}
    uintx GCDrainStackTargetSize                   = 64                                        {product} {ergonomic}
   size_t InitialHeapSize                          = 264241152                                 {product} {ergonomic}
   size_t MarkStackSize                            = 4194304                                   {product} {ergonomic}
   size_t MaxHeapSize                              = 4213178368                                {product} {ergonomic}
   size_t MaxNewSize                               = 2527068160                                {product} {ergonomic}
   size_t MinHeapDeltaBytes                        = 2097152                                   {product} {ergonomic}
   size_t MinHeapSize                              = 8388608                                   {product} {ergonomic}
    uintx NonNMethodCodeHeapSize                   = 7602480                                {pd product} {ergonomic}
    uintx NonProfiledCodeHeapSize                  = 122027880                              {pd product} {ergonomic}
    uintx ProfiledCodeHeapSize                     = 122027880                              {pd product} {ergonomic}
    uintx ReservedCodeCacheSize                    = 251658240                              {pd product} {ergonomic}
     bool SegmentedCodeCache                       = true                                      {product} {ergonomic}
   size_t SoftMaxHeapSize                          = 4213178368                             {manageable} {ergonomic}
     bool UseCompressedClassPointers               = true                           {product lp64_product} {ergonomic}
     bool UseCompressedOops                        = true                           {product lp64_product} {ergonomic}
     bool UseG1GC                                  = true                                      {product} {ergonomic}
     bool UseLargePagesIndividualAllocation        = false                                  {pd product} {ergonomic}

Logging:
Log output configuration:
 #0: stdout all=warning uptime,level,tags foldmultilines=false
 #1: stderr all=off uptime,level,tags foldmultilines=false

Environment Variables:
PATH=C:\oraclexe\app\oracle\product\11.2.0\server\bin;C:\Program Files\Common Files\Oracle\Java\javapath;C:\Windows\system32;C:\Windows;C:\Windows\System32\Wbem;C:\Windows\System32\WindowsPowerShell\v1.0\;C:\Windows\System32\OpenSSH\;C:\Program Files\dotnet\;C:\php-8.2.4;C:\xampp;C:\Program Files\Git\cmd;C:\Program Files\nodejs\;C:\Users\RATAN\AppData\Local\Microsoft\WindowsApps;;C:\Users\RATAN\AppData\Local\Programs\Microsoft VS Code\bin;C:\Users\RATAN\AppData\Roaming\npm
USERNAME=RATAN
OS=Windows_NT
PROCESSOR_IDENTIFIER=Intel64 Family 6 Model 154 Stepping 3, GenuineIntel



---------------  S Y S T E M  ---------------

OS:
 Windows 11 , 64 bit Build 22000 (10.0.22000.2538)
OS uptime: 15 days 21:52 hours

CPU: total 16 (initial active 16) (8 cores per cpu, 2 threads per core) family 6 model 154 stepping 3 microcode 0x432, cx8, cmov, fxsr, ht, mmx, 3dnowpref, sse, sse2, sse3, ssse3, sse4.1, sse4.2, popcnt, lzcnt, tsc, tscinvbit, avx, avx2, aes, erms, clmul, bmi1, bmi2, adx, sha, fma, vzeroupper, clflush, clflushopt, clwb, serialize

Memory: 4k page, system-wide physical 16068M (2048M free)
TotalPageFile size 35967M (AvailPageFile size 4M)
current process WorkingSet (physical memory assigned to process): 35M, peak: 35M
current process commit charge ("private bytes"): 346M, peak: 346M

vm_info: Java HotSpot(TM) 64-Bit Server VM (18.0.2+9-61) for windows-amd64 JRE (18.0.2+9-61), built on Jun  7 2022 13:09:01 by "mach5one" with MS VC++ 16.8 / 16.9 (VS2019)

END.
