#
# There is insufficient memory for the Java Runtime Environment to continue.
# Native memory allocation (mmap) failed to map 65536 bytes for Failed to commit metaspace.
# Possible reasons:
#   The system is out of physical RAM or swap space
#   The process is running with CompressedOops enabled, and the Java Heap may be blocking the growth of the native heap
# Possible solutions:
#   Reduce memory load on the system
#   Increase physical memory or swap space
#   Check if swap backing store is full
#   Decrease Java heap size (-Xmx/-Xms)
#   Decrease number of Java threads
#   Decrease Java thread stack sizes (-Xss)
#   Set larger code cache with -XX:ReservedCodeCacheSize=
#   JVM is running with Zero Based Compressed Oops mode in which the Java heap is
#     placed in the first 32GB address space. The Java Heap base address is the
#     maximum limit for the native heap growth. Please use -XX:HeapBaseMinAddress
#     to set the Java Heap base and to place the Java Heap above 32GB virtual address.
# This output file may be truncated or incomplete.
#
#  Out of Memory Error (virtualSpaceNode.cpp:110), pid=54420, tid=47120
#
# JRE version: Java(TM) SE Runtime Environment (18.0.2+9) (build 18.0.2+9-61)
# Java VM: Java HotSpot(TM) 64-Bit Server VM (18.0.2+9-61, mixed mode, tiered, compressed oops, compressed class ptrs, g1 gc, windows-amd64)
# No core dump will be written. Minidumps are not enabled by default on client versions of Windows
#

---------------  S U M M A R Y ------------

Command Line: -Dfile.encoding=UTF-8 --module-path=C:\Users\RATAN\Documents\NetBeansProjects\Employee Management System\build\classes employee.management.system.Splash

Host: 12th Gen Intel(R) Core(TM) i5-1240P, 16 cores, 15G,  Windows 11 , 64 bit Build 22000 (10.0.22000.2538)
Time: Wed Oct  2 16:41:49 2024 India Standard Time elapsed time: 0.089154 seconds (0d 0h 0m 0s)

---------------  T H R E A D  ---------------

Current thread (0x000001e5b5cf42f0):  JavaThread "main" [_thread_in_vm, id=47120, stack(0x0000003eb9400000,0x0000003eb9500000)]

Stack: [0x0000003eb9400000,0x0000003eb9500000]
Native frames: (J=compiled Java code, j=interpreted, Vv=VM code, C=native code)
V  [jvm.dll+0x6993ca]
V  [jvm.dll+0x7f481d]
V  [jvm.dll+0x7f612e]
V  [jvm.dll+0x7f67e3]
V  [jvm.dll+0x25cdaf]
V  [jvm.dll+0x7f052b]
V  [jvm.dll+0x63f546]
V  [jvm.dll+0x63f5aa]
V  [jvm.dll+0x641e2e]
V  [jvm.dll+0x641cee]
V  [jvm.dll+0x63ff0e]
V  [jvm.dll+0x25152f]
V  [jvm.dll+0x64a545]
V  [jvm.dll+0x2027b1]
V  [jvm.dll+0x202ce5]
V  [jvm.dll+0x20371f]
V  [jvm.dll+0x1f8bb1]
V  [jvm.dll+0x55dc05]
V  [jvm.dll+0x209a67]
V  [jvm.dll+0x76dddd]
V  [jvm.dll+0x76f116]
V  [jvm.dll+0x76f448]
V  [jvm.dll+0x2551d6]
V  [jvm.dll+0x25541f]
V  [jvm.dll+0x57c6c8]
V  [jvm.dll+0x57f537]
V  [jvm.dll+0x3a4da3]
V  [jvm.dll+0x3a443f]
C  0x000001e5bd63a60c

Java frames: (J=compiled Java code, j=interpreted, Vv=VM code)
j  jdk.internal.ref.CleanerFactory$1.newThread(Ljava/lang/Runnable;)Ljava/lang/Thread;+5 java.base@18.0.2
j  jdk.internal.ref.CleanerImpl.start(Ljava/lang/ref/Cleaner;Ljava/util/concurrent/ThreadFactory;)V+37 java.base@18.0.2
j  java.lang.ref.Cleaner.create(Ljava/util/concurrent/ThreadFactory;)Ljava/lang/ref/Cleaner;+21 java.base@18.0.2
j  jdk.internal.ref.CleanerFactory.<clinit>()V+7 java.base@18.0.2
v  ~StubRoutines::call_stub
j  java.lang.invoke.MethodHandleNatives$CallSiteContext.make(Ljava/lang/invoke/CallSite;)Ljava/lang/invoke/MethodHandleNatives$CallSiteContext;+8 java.base@18.0.2
j  java.lang.invoke.CallSite.<init>(Ljava/lang/invoke/MethodHandle;)V+6 java.base@18.0.2
j  java.lang.invoke.ConstantCallSite.<init>(Ljava/lang/invoke/MethodHandle;)V+2 java.base@18.0.2
j  java.lang.invoke.InnerClassLambdaMetafactory.buildCallSite()Ljava/lang/invoke/CallSite;+106 java.base@18.0.2
j  java.lang.invoke.LambdaMetafactory.metafactory(Ljava/lang/invoke/MethodHandles$Lookup;Ljava/lang/String;Ljava/lang/invoke/MethodType;Ljava/lang/invoke/MethodType;Ljava/lang/invoke/MethodHandle;Ljava/lang/invoke/MethodType;)Ljava/lang/invoke/CallSite;+67 java.base@18.0.2
j  java.lang.invoke.DirectMethodHandle$Holder.invokeStatic(Ljava/lang/Object;Ljava/lang/Object;Ljava/lang/Object;Ljava/lang/Object;Ljava/lang/Object;Ljava/lang/Object;Ljava/lang/Object;)Ljava/lang/Object;+20 java.base@18.0.2
j  java.lang.invoke.Invokers$Holder.invokeExact_MT(Ljava/lang/Object;Ljava/lang/Object;Ljava/lang/Object;Ljava/lang/Object;Ljava/lang/Object;Ljava/lang/Object;Ljava/lang/Object;Ljava/lang/Object;)Ljava/lang/Object;+28 java.base@18.0.2
j  java.lang.invoke.BootstrapMethodInvoker.invoke(Ljava/lang/Class;Ljava/lang/invoke/MethodHandle;Ljava/lang/String;Ljava/lang/Object;Ljava/lang/Object;Ljava/lang/Class;)Ljava/lang/Object;+319 java.base@18.0.2
j  java.lang.invoke.CallSite.makeSite(Ljava/lang/invoke/MethodHandle;Ljava/lang/String;Ljava/lang/invoke/MethodType;Ljava/lang/Object;Ljava/lang/Class;)Ljava/lang/invoke/CallSite;+8 java.base@18.0.2
j  java.lang.invoke.MethodHandleNatives.linkCallSiteImpl(Ljava/lang/Class;Ljava/lang/invoke/MethodHandle;Ljava/lang/String;Ljava/lang/invoke/MethodType;Ljava/lang/Object;[Ljava/lang/Object;)Ljava/lang/invoke/MemberName;+6 java.base@18.0.2
j  java.lang.invoke.MethodHandleNatives.linkCallSite(Ljava/lang/Object;Ljava/lang/Object;Ljava/lang/Object;Ljava/lang/Object;Ljava/lang/Object;[Ljava/lang/Object;)Ljava/lang/invoke/MemberName;+45 java.base@18.0.2
v  ~StubRoutines::call_stub
j  jdk.internal.module.DefaultRoots.compute(Ljava/lang/module/ModuleFinder;Ljava/lang/module/ModuleFinder;)Ljava/util/Set;+11 java.base@18.0.2
j  jdk.internal.module.ModuleBootstrap.boot2()Ljava/lang/ModuleLayer;+727 java.base@18.0.2
j  jdk.internal.module.ModuleBootstrap.boot()Ljava/lang/ModuleLayer;+64 java.base@18.0.2
j  java.lang.System.initPhase2(ZZ)I+0 java.base@18.0.2
v  ~StubRoutines::call_stub

---------------  P R O C E S S  ---------------

Threads class SMR info:
_java_thread_list=0x000001e5dd801d60, length=10, elements={
0x000001e5b5cf42f0, 0x000001e5d936b010, 0x000001e5d936dc80, 0x000001e5dd80c7e0,
0x000001e5dd80d180, 0x000001e5dd80e340, 0x000001e5dd80ece0, 0x000001e5dd80f9b0,
0x000001e5dd8359a0, 0x000001e5dd8456e0
}

Java Threads: ( => current thread )
=>0x000001e5b5cf42f0 JavaThread "main" [_thread_in_vm, id=47120, stack(0x0000003eb9400000,0x0000003eb9500000)]
  0x000001e5d936b010 JavaThread "Reference Handler" daemon [_thread_blocked, id=45612, stack(0x0000003eb9b00000,0x0000003eb9c00000)]
  0x000001e5d936dc80 JavaThread "Finalizer" daemon [_thread_blocked, id=62020, stack(0x0000003eb9c00000,0x0000003eb9d00000)]
  0x000001e5dd80c7e0 JavaThread "Signal Dispatcher" daemon [_thread_blocked, id=49904, stack(0x0000003eb9d00000,0x0000003eb9e00000)]
  0x000001e5dd80d180 JavaThread "Attach Listener" daemon [_thread_blocked, id=22380, stack(0x0000003eb9e00000,0x0000003eb9f00000)]
  0x000001e5dd80e340 JavaThread "Service Thread" daemon [_thread_blocked, id=59432, stack(0x0000003eb9f00000,0x0000003eba000000)]
  0x000001e5dd80ece0 JavaThread "Monitor Deflation Thread" daemon [_thread_blocked, id=14824, stack(0x0000003eba000000,0x0000003eba100000)]
  0x000001e5dd80f9b0 JavaThread "C2 CompilerThread0" daemon [_thread_blocked, id=58836, stack(0x0000003eba100000,0x0000003eba200000)]
  0x000001e5dd8359a0 JavaThread "C1 CompilerThread0" daemon [_thread_blocked, id=38876, stack(0x0000003eba200000,0x0000003eba300000)]
  0x000001e5dd8456e0 JavaThread "Sweeper thread" daemon [_thread_blocked, id=4896, stack(0x0000003eba300000,0x0000003eba400000)]

Other Threads:
  0x000001e5d9357130 VMThread "VM Thread" [stack: 0x0000003eb9a00000,0x0000003eb9b00000] [id=22116]
  0x000001e5b5d68d10 WorkerThread "GC Thread#0" [stack: 0x0000003eb9500000,0x0000003eb9600000] [id=2944]
  0x000001e5b5d7a660 ConcurrentGCThread "G1 Main Marker" [stack: 0x0000003eb9600000,0x0000003eb9700000] [id=36336]
  0x000001e5b5d7b6f0 WorkerThread "G1 Conc#0" [stack: 0x0000003eb9700000,0x0000003eb9800000] [id=21140]
  0x000001e5d91a8880 ConcurrentGCThread "G1 Refine#0" [stack: 0x0000003eb9800000,0x0000003eb9900000] [id=36560]
  0x000001e5d91a90a0 ConcurrentGCThread "G1 Service" [stack: 0x0000003eb9900000,0x0000003eb9a00000] [id=17396]

Threads with active compile tasks:

VM state: not at safepoint (normal execution)

VM Mutex/Monitor currently owned by a thread:  ([mutex/lock_event])
[0x000001e5b5cee900] Metaspace_lock - owner thread: 0x000001e5b5cf42f0

Heap address: 0x0000000704e00000, size: 4018 MB, Compressed Oops mode: Zero based, Oop shift amount: 3

CDS archive(s) not mapped
Compressed class space mapped at: 0x0000000800000000-0x0000000840000000, reserved size: 1073741824
Narrow klass base: 0x0000000800000000, Narrow klass shift: 0, Narrow klass range: 0x40000000

GC Precious Log:
 CardTable entry size: 512
 Card Set container configuration: InlinePtr #cards 4 size 8 Array Of Cards #cards 16 size 48 Howl #buckets 8 coarsen threshold 3686 Howl Bitmap #cards 512 size 80 coarsen threshold 460 Card regions per heap region 1 cards per card region 4096
 CPUs: 16 total, 16 available
 Memory: 16068M
 Large Page Support: Disabled
 NUMA Support: Disabled
 Compressed Oops: Enabled (Zero based)
 Heap Region Size: 2M
 Heap Min Capacity: 8M
 Heap Initial Capacity: 252M
 Heap Max Capacity: 4018M
 Pre-touch: Disabled
 Parallel Workers: 13
 Concurrent Workers: 3
 Concurrent Refinement Workers: 13
 Periodic GC: Disabled

Heap:
 garbage-first heap   total 258048K, used 0K [0x0000000704e00000, 0x0000000800000000)
  region size 2048K, 1 young (2048K), 0 survivors (0K)
 Metaspace       used 4989K, committed 5120K, reserved 1114112K
  class space    used 378K, committed 448K, reserved 1048576K

Heap Regions: E=young(eden), S=young(survivor), O=old, HS=humongous(starts), HC=humongous(continues), CS=collection set, F=free, OA=open archive, CA=closed archive, TAMS=top-at-mark-start (previous, next)
|   0|0x0000000704e00000, 0x0000000704e00000, 0x0000000705000000|  0%| F|  |TAMS 0x0000000704e00000, 0x0000000704e00000| Untracked 
|   1|0x0000000705000000, 0x0000000705000000, 0x0000000705200000|  0%| F|  |TAMS 0x0000000705000000, 0x0000000705000000| Untracked 
|   2|0x0000000705200000, 0x0000000705200000, 0x0000000705400000|  0%| F|  |TAMS 0x0000000705200000, 0x0000000705200000| Untracked 
|   3|0x0000000705400000, 0x0000000705400000, 0x0000000705600000|  0%| F|  |TAMS 0x0000000705400000, 0x0000000705400000| Untracked 
|   4|0x0000000705600000, 0x0000000705600000, 0x0000000705800000|  0%| F|  |TAMS 0x0000000705600000, 0x0000000705600000| Untracked 
|   5|0x0000000705800000, 0x0000000705800000, 0x0000000705a00000|  0%| F|  |TAMS 0x0000000705800000, 0x0000000705800000| Untracked 
|   6|0x0000000705a00000, 0x0000000705a00000, 0x0000000705c00000|  0%| F|  |TAMS 0x0000000705a00000, 0x0000000705a00000| Untracked 
|   7|0x0000000705c00000, 0x0000000705c00000, 0x0000000705e00000|  0%| F|  |TAMS 0x0000000705c00000, 0x0000000705c00000| Untracked 
|   8|0x0000000705e00000, 0x0000000705e00000, 0x0000000706000000|  0%| F|  |TAMS 0x0000000705e00000, 0x0000000705e00000| Untracked 
|   9|0x0000000706000000, 0x0000000706000000, 0x0000000706200000|  0%| F|  |TAMS 0x0000000706000000, 0x0000000706000000| Untracked 
|  10|0x0000000706200000, 0x0000000706200000, 0x0000000706400000|  0%| F|  |TAMS 0x0000000706200000, 0x0000000706200000| Untracked 
|  11|0x0000000706400000, 0x0000000706400000, 0x0000000706600000|  0%| F|  |TAMS 0x0000000706400000, 0x0000000706400000| Untracked 
|  12|0x0000000706600000, 0x0000000706600000, 0x0000000706800000|  0%| F|  |TAMS 0x0000000706600000, 0x0000000706600000| Untracked 
|  13|0x0000000706800000, 0x0000000706800000, 0x0000000706a00000|  0%| F|  |TAMS 0x0000000706800000, 0x0000000706800000| Untracked 
|  14|0x0000000706a00000, 0x0000000706a00000, 0x0000000706c00000|  0%| F|  |TAMS 0x0000000706a00000, 0x0000000706a00000| Untracked 
|  15|0x0000000706c00000, 0x0000000706c00000, 0x0000000706e00000|  0%| F|  |TAMS 0x0000000706c00000, 0x0000000706c00000| Untracked 
|  16|0x0000000706e00000, 0x0000000706e00000, 0x0000000707000000|  0%| F|  |TAMS 0x0000000706e00000, 0x0000000706e00000| Untracked 
|  17|0x0000000707000000, 0x0000000707000000, 0x0000000707200000|  0%| F|  |TAMS 0x0000000707000000, 0x0000000707000000| Untracked 
|  18|0x0000000707200000, 0x0000000707200000, 0x0000000707400000|  0%| F|  |TAMS 0x0000000707200000, 0x0000000707200000| Untracked 
|  19|0x0000000707400000, 0x0000000707400000, 0x0000000707600000|  0%| F|  |TAMS 0x0000000707400000, 0x0000000707400000| Untracked 
|  20|0x0000000707600000, 0x0000000707600000, 0x0000000707800000|  0%| F|  |TAMS 0x0000000707600000, 0x0000000707600000| Untracked 
|  21|0x0000000707800000, 0x0000000707800000, 0x0000000707a00000|  0%| F|  |TAMS 0x0000000707800000, 0x0000000707800000| Untracked 
|  22|0x0000000707a00000, 0x0000000707a00000, 0x0000000707c00000|  0%| F|  |TAMS 0x0000000707a00000, 0x0000000707a00000| Untracked 
|  23|0x0000000707c00000, 0x0000000707c00000, 0x0000000707e00000|  0%| F|  |TAMS 0x0000000707c00000, 0x0000000707c00000| Untracked 
|  24|0x0000000707e00000, 0x0000000707e00000, 0x0000000708000000|  0%| F|  |TAMS 0x0000000707e00000, 0x0000000707e00000| Untracked 
|  25|0x0000000708000000, 0x0000000708000000, 0x0000000708200000|  0%| F|  |TAMS 0x0000000708000000, 0x0000000708000000| Untracked 
|  26|0x0000000708200000, 0x0000000708200000, 0x0000000708400000|  0%| F|  |TAMS 0x0000000708200000, 0x0000000708200000| Untracked 
|  27|0x0000000708400000, 0x0000000708400000, 0x0000000708600000|  0%| F|  |TAMS 0x0000000708400000, 0x0000000708400000| Untracked 
|  28|0x0000000708600000, 0x0000000708600000, 0x0000000708800000|  0%| F|  |TAMS 0x0000000708600000, 0x0000000708600000| Untracked 
|  29|0x0000000708800000, 0x0000000708800000, 0x0000000708a00000|  0%| F|  |TAMS 0x0000000708800000, 0x0000000708800000| Untracked 
|  30|0x0000000708a00000, 0x0000000708a00000, 0x0000000708c00000|  0%| F|  |TAMS 0x0000000708a00000, 0x0000000708a00000| Untracked 
|  31|0x0000000708c00000, 0x0000000708c00000, 0x0000000708e00000|  0%| F|  |TAMS 0x0000000708c00000, 0x0000000708c00000| Untracked 
|  32|0x0000000708e00000, 0x0000000708e00000, 0x0000000709000000|  0%| F|  |TAMS 0x0000000708e00000, 0x0000000708e00000| Untracked 
|  33|0x0000000709000000, 0x0000000709000000, 0x0000000709200000|  0%| F|  |TAMS 0x0000000709000000, 0x0000000709000000| Untracked 
|  34|0x0000000709200000, 0x0000000709200000, 0x0000000709400000|  0%| F|  |TAMS 0x0000000709200000, 0x0000000709200000| Untracked 
|  35|0x0000000709400000, 0x0000000709400000, 0x0000000709600000|  0%| F|  |TAMS 0x0000000709400000, 0x0000000709400000| Untracked 
|  36|0x0000000709600000, 0x0000000709600000, 0x0000000709800000|  0%| F|  |TAMS 0x0000000709600000, 0x0000000709600000| Untracked 
|  37|0x0000000709800000, 0x0000000709800000, 0x0000000709a00000|  0%| F|  |TAMS 0x0000000709800000, 0x0000000709800000| Untracked 
|  38|0x0000000709a00000, 0x0000000709a00000, 0x0000000709c00000|  0%| F|  |TAMS 0x0000000709a00000, 0x0000000709a00000| Untracked 
|  39|0x0000000709c00000, 0x0000000709c00000, 0x0000000709e00000|  0%| F|  |TAMS 0x0000000709c00000, 0x0000000709c00000| Untracked 
|  40|0x0000000709e00000, 0x0000000709e00000, 0x000000070a000000|  0%| F|  |TAMS 0x0000000709e00000, 0x0000000709e00000| Untracked 
|  41|0x000000070a000000, 0x000000070a000000, 0x000000070a200000|  0%| F|  |TAMS 0x000000070a000000, 0x000000070a000000| Untracked 
|  42|0x000000070a200000, 0x000000070a200000, 0x000000070a400000|  0%| F|  |TAMS 0x000000070a200000, 0x000000070a200000| Untracked 
|  43|0x000000070a400000, 0x000000070a400000, 0x000000070a600000|  0%| F|  |TAMS 0x000000070a400000, 0x000000070a400000| Untracked 
|  44|0x000000070a600000, 0x000000070a600000, 0x000000070a800000|  0%| F|  |TAMS 0x000000070a600000, 0x000000070a600000| Untracked 
|  45|0x000000070a800000, 0x000000070a800000, 0x000000070aa00000|  0%| F|  |TAMS 0x000000070a800000, 0x000000070a800000| Untracked 
|  46|0x000000070aa00000, 0x000000070aa00000, 0x000000070ac00000|  0%| F|  |TAMS 0x000000070aa00000, 0x000000070aa00000| Untracked 
|  47|0x000000070ac00000, 0x000000070ac00000, 0x000000070ae00000|  0%| F|  |TAMS 0x000000070ac00000, 0x000000070ac00000| Untracked 
|  48|0x000000070ae00000, 0x000000070ae00000, 0x000000070b000000|  0%| F|  |TAMS 0x000000070ae00000, 0x000000070ae00000| Untracked 
|  49|0x000000070b000000, 0x000000070b000000, 0x000000070b200000|  0%| F|  |TAMS 0x000000070b000000, 0x000000070b000000| Untracked 
|  50|0x000000070b200000, 0x000000070b200000, 0x000000070b400000|  0%| F|  |TAMS 0x000000070b200000, 0x000000070b200000| Untracked 
|  51|0x000000070b400000, 0x000000070b400000, 0x000000070b600000|  0%| F|  |TAMS 0x000000070b400000, 0x000000070b400000| Untracked 
|  52|0x000000070b600000, 0x000000070b600000, 0x000000070b800000|  0%| F|  |TAMS 0x000000070b600000, 0x000000070b600000| Untracked 
|  53|0x000000070b800000, 0x000000070b800000, 0x000000070ba00000|  0%| F|  |TAMS 0x000000070b800000, 0x000000070b800000| Untracked 
|  54|0x000000070ba00000, 0x000000070ba00000, 0x000000070bc00000|  0%| F|  |TAMS 0x000000070ba00000, 0x000000070ba00000| Untracked 
|  55|0x000000070bc00000, 0x000000070bc00000, 0x000000070be00000|  0%| F|  |TAMS 0x000000070bc00000, 0x000000070bc00000| Untracked 
|  56|0x000000070be00000, 0x000000070be00000, 0x000000070c000000|  0%| F|  |TAMS 0x000000070be00000, 0x000000070be00000| Untracked 
|  57|0x000000070c000000, 0x000000070c000000, 0x000000070c200000|  0%| F|  |TAMS 0x000000070c000000, 0x000000070c000000| Untracked 
|  58|0x000000070c200000, 0x000000070c200000, 0x000000070c400000|  0%| F|  |TAMS 0x000000070c200000, 0x000000070c200000| Untracked 
|  59|0x000000070c400000, 0x000000070c400000, 0x000000070c600000|  0%| F|  |TAMS 0x000000070c400000, 0x000000070c400000| Untracked 
|  60|0x000000070c600000, 0x000000070c600000, 0x000000070c800000|  0%| F|  |TAMS 0x000000070c600000, 0x000000070c600000| Untracked 
|  61|0x000000070c800000, 0x000000070c800000, 0x000000070ca00000|  0%| F|  |TAMS 0x000000070c800000, 0x000000070c800000| Untracked 
|  62|0x000000070ca00000, 0x000000070ca00000, 0x000000070cc00000|  0%| F|  |TAMS 0x000000070ca00000, 0x000000070ca00000| Untracked 
|  63|0x000000070cc00000, 0x000000070cc00000, 0x000000070ce00000|  0%| F|  |TAMS 0x000000070cc00000, 0x000000070cc00000| Untracked 
|  64|0x000000070ce00000, 0x000000070ce00000, 0x000000070d000000|  0%| F|  |TAMS 0x000000070ce00000, 0x000000070ce00000| Untracked 
|  65|0x000000070d000000, 0x000000070d000000, 0x000000070d200000|  0%| F|  |TAMS 0x000000070d000000, 0x000000070d000000| Untracked 
|  66|0x000000070d200000, 0x000000070d200000, 0x000000070d400000|  0%| F|  |TAMS 0x000000070d200000, 0x000000070d200000| Untracked 
|  67|0x000000070d400000, 0x000000070d400000, 0x000000070d600000|  0%| F|  |TAMS 0x000000070d400000, 0x000000070d400000| Untracked 
|  68|0x000000070d600000, 0x000000070d600000, 0x000000070d800000|  0%| F|  |TAMS 0x000000070d600000, 0x000000070d600000| Untracked 
|  69|0x000000070d800000, 0x000000070d800000, 0x000000070da00000|  0%| F|  |TAMS 0x000000070d800000, 0x000000070d800000| Untracked 
|  70|0x000000070da00000, 0x000000070da00000, 0x000000070dc00000|  0%| F|  |TAMS 0x000000070da00000, 0x000000070da00000| Untracked 
|  71|0x000000070dc00000, 0x000000070dc00000, 0x000000070de00000|  0%| F|  |TAMS 0x000000070dc00000, 0x000000070dc00000| Untracked 
|  72|0x000000070de00000, 0x000000070de00000, 0x000000070e000000|  0%| F|  |TAMS 0x000000070de00000, 0x000000070de00000| Untracked 
|  73|0x000000070e000000, 0x000000070e000000, 0x000000070e200000|  0%| F|  |TAMS 0x000000070e000000, 0x000000070e000000| Untracked 
|  74|0x000000070e200000, 0x000000070e200000, 0x000000070e400000|  0%| F|  |TAMS 0x000000070e200000, 0x000000070e200000| Untracked 
|  75|0x000000070e400000, 0x000000070e400000, 0x000000070e600000|  0%| F|  |TAMS 0x000000070e400000, 0x000000070e400000| Untracked 
|  76|0x000000070e600000, 0x000000070e600000, 0x000000070e800000|  0%| F|  |TAMS 0x000000070e600000, 0x000000070e600000| Untracked 
|  77|0x000000070e800000, 0x000000070e800000, 0x000000070ea00000|  0%| F|  |TAMS 0x000000070e800000, 0x000000070e800000| Untracked 
|  78|0x000000070ea00000, 0x000000070ea00000, 0x000000070ec00000|  0%| F|  |TAMS 0x000000070ea00000, 0x000000070ea00000| Untracked 
|  79|0x000000070ec00000, 0x000000070ec00000, 0x000000070ee00000|  0%| F|  |TAMS 0x000000070ec00000, 0x000000070ec00000| Untracked 
|  80|0x000000070ee00000, 0x000000070ee00000, 0x000000070f000000|  0%| F|  |TAMS 0x000000070ee00000, 0x000000070ee00000| Untracked 
|  81|0x000000070f000000, 0x000000070f000000, 0x000000070f200000|  0%| F|  |TAMS 0x000000070f000000, 0x000000070f000000| Untracked 
|  82|0x000000070f200000, 0x000000070f200000, 0x000000070f400000|  0%| F|  |TAMS 0x000000070f200000, 0x000000070f200000| Untracked 
|  83|0x000000070f400000, 0x000000070f400000, 0x000000070f600000|  0%| F|  |TAMS 0x000000070f400000, 0x000000070f400000| Untracked 
|  84|0x000000070f600000, 0x000000070f600000, 0x000000070f800000|  0%| F|  |TAMS 0x000000070f600000, 0x000000070f600000| Untracked 
|  85|0x000000070f800000, 0x000000070f800000, 0x000000070fa00000|  0%| F|  |TAMS 0x000000070f800000, 0x000000070f800000| Untracked 
|  86|0x000000070fa00000, 0x000000070fa00000, 0x000000070fc00000|  0%| F|  |TAMS 0x000000070fa00000, 0x000000070fa00000| Untracked 
|  87|0x000000070fc00000, 0x000000070fc00000, 0x000000070fe00000|  0%| F|  |TAMS 0x000000070fc00000, 0x000000070fc00000| Untracked 
|  88|0x000000070fe00000, 0x000000070fe00000, 0x0000000710000000|  0%| F|  |TAMS 0x000000070fe00000, 0x000000070fe00000| Untracked 
|  89|0x0000000710000000, 0x0000000710000000, 0x0000000710200000|  0%| F|  |TAMS 0x0000000710000000, 0x0000000710000000| Untracked 
|  90|0x0000000710200000, 0x0000000710200000, 0x0000000710400000|  0%| F|  |TAMS 0x0000000710200000, 0x0000000710200000| Untracked 
|  91|0x0000000710400000, 0x0000000710400000, 0x0000000710600000|  0%| F|  |TAMS 0x0000000710400000, 0x0000000710400000| Untracked 
|  92|0x0000000710600000, 0x0000000710600000, 0x0000000710800000|  0%| F|  |TAMS 0x0000000710600000, 0x0000000710600000| Untracked 
|  93|0x0000000710800000, 0x0000000710800000, 0x0000000710a00000|  0%| F|  |TAMS 0x0000000710800000, 0x0000000710800000| Untracked 
|  94|0x0000000710a00000, 0x0000000710a00000, 0x0000000710c00000|  0%| F|  |TAMS 0x0000000710a00000, 0x0000000710a00000| Untracked 
|  95|0x0000000710c00000, 0x0000000710c00000, 0x0000000710e00000|  0%| F|  |TAMS 0x0000000710c00000, 0x0000000710c00000| Untracked 
|  96|0x0000000710e00000, 0x0000000710e00000, 0x0000000711000000|  0%| F|  |TAMS 0x0000000710e00000, 0x0000000710e00000| Untracked 
|  97|0x0000000711000000, 0x0000000711000000, 0x0000000711200000|  0%| F|  |TAMS 0x0000000711000000, 0x0000000711000000| Untracked 
|  98|0x0000000711200000, 0x0000000711200000, 0x0000000711400000|  0%| F|  |TAMS 0x0000000711200000, 0x0000000711200000| Untracked 
|  99|0x0000000711400000, 0x0000000711400000, 0x0000000711600000|  0%| F|  |TAMS 0x0000000711400000, 0x0000000711400000| Untracked 
| 100|0x0000000711600000, 0x0000000711600000, 0x0000000711800000|  0%| F|  |TAMS 0x0000000711600000, 0x0000000711600000| Untracked 
| 101|0x0000000711800000, 0x0000000711800000, 0x0000000711a00000|  0%| F|  |TAMS 0x0000000711800000, 0x0000000711800000| Untracked 
| 102|0x0000000711a00000, 0x0000000711a00000, 0x0000000711c00000|  0%| F|  |TAMS 0x0000000711a00000, 0x0000000711a00000| Untracked 
| 103|0x0000000711c00000, 0x0000000711c00000, 0x0000000711e00000|  0%| F|  |TAMS 0x0000000711c00000, 0x0000000711c00000| Untracked 
| 104|0x0000000711e00000, 0x0000000711e00000, 0x0000000712000000|  0%| F|  |TAMS 0x0000000711e00000, 0x0000000711e00000| Untracked 
| 105|0x0000000712000000, 0x0000000712000000, 0x0000000712200000|  0%| F|  |TAMS 0x0000000712000000, 0x0000000712000000| Untracked 
| 106|0x0000000712200000, 0x0000000712200000, 0x0000000712400000|  0%| F|  |TAMS 0x0000000712200000, 0x0000000712200000| Untracked 
| 107|0x0000000712400000, 0x0000000712400000, 0x0000000712600000|  0%| F|  |TAMS 0x0000000712400000, 0x0000000712400000| Untracked 
| 108|0x0000000712600000, 0x0000000712600000, 0x0000000712800000|  0%| F|  |TAMS 0x0000000712600000, 0x0000000712600000| Untracked 
| 109|0x0000000712800000, 0x0000000712800000, 0x0000000712a00000|  0%| F|  |TAMS 0x0000000712800000, 0x0000000712800000| Untracked 
| 110|0x0000000712a00000, 0x0000000712a00000, 0x0000000712c00000|  0%| F|  |TAMS 0x0000000712a00000, 0x0000000712a00000| Untracked 
| 111|0x0000000712c00000, 0x0000000712c00000, 0x0000000712e00000|  0%| F|  |TAMS 0x0000000712c00000, 0x0000000712c00000| Untracked 
| 112|0x0000000712e00000, 0x0000000712e00000, 0x0000000713000000|  0%| F|  |TAMS 0x0000000712e00000, 0x0000000712e00000| Untracked 
| 113|0x0000000713000000, 0x0000000713000000, 0x0000000713200000|  0%| F|  |TAMS 0x0000000713000000, 0x0000000713000000| Untracked 
| 114|0x0000000713200000, 0x0000000713200000, 0x0000000713400000|  0%| F|  |TAMS 0x0000000713200000, 0x0000000713200000| Untracked 
| 115|0x0000000713400000, 0x0000000713400000, 0x0000000713600000|  0%| F|  |TAMS 0x0000000713400000, 0x0000000713400000| Untracked 
| 116|0x0000000713600000, 0x0000000713600000, 0x0000000713800000|  0%| F|  |TAMS 0x0000000713600000, 0x0000000713600000| Untracked 
| 117|0x0000000713800000, 0x0000000713800000, 0x0000000713a00000|  0%| F|  |TAMS 0x0000000713800000, 0x0000000713800000| Untracked 
| 118|0x0000000713a00000, 0x0000000713a00000, 0x0000000713c00000|  0%| F|  |TAMS 0x0000000713a00000, 0x0000000713a00000| Untracked 
| 119|0x0000000713c00000, 0x0000000713c00000, 0x0000000713e00000|  0%| F|  |TAMS 0x0000000713c00000, 0x0000000713c00000| Untracked 
| 120|0x0000000713e00000, 0x0000000713e00000, 0x0000000714000000|  0%| F|  |TAMS 0x0000000713e00000, 0x0000000713e00000| Untracked 
| 121|0x0000000714000000, 0x0000000714000000, 0x0000000714200000|  0%| F|  |TAMS 0x0000000714000000, 0x0000000714000000| Untracked 
| 122|0x0000000714200000, 0x0000000714200000, 0x0000000714400000|  0%| F|  |TAMS 0x0000000714200000, 0x0000000714200000| Untracked 
| 123|0x0000000714400000, 0x0000000714400000, 0x0000000714600000|  0%| F|  |TAMS 0x0000000714400000, 0x0000000714400000| Untracked 
| 124|0x0000000714600000, 0x0000000714600000, 0x0000000714800000|  0%| F|  |TAMS 0x0000000714600000, 0x0000000714600000| Untracked 
| 125|0x0000000714800000, 0x00000007149c2b70, 0x0000000714a00000| 88%| E|  |TAMS 0x0000000714800000, 0x0000000714800000| Complete 

Card table byte_map: [0x000001e5cd680000,0x000001e5cde60000] _byte_map_base: 0x000001e5c9e59000

Marking Bits (Prev, Next): (CMBitMap*) 0x000001e5b5d6a220, (CMBitMap*) 0x000001e5b5d6a260
 Prev Bits: [0x000001e5ce640000, 0x000001e5d2508000)
 Next Bits: [0x000001e5d2510000, 0x000001e5d63d8000)

Polling page: 0x000001e5b3c70000

Metaspace:

Usage:
  Non-class:      4.50 MB used.
      Class:    378.99 KB used.
       Both:      4.87 MB used.

Virtual space:
  Non-class space:       64.00 MB reserved,       4.56 MB (  7%) committed,  1 nodes.
      Class space:        1.00 GB reserved,     448.00 KB ( <1%) committed,  1 nodes.
             Both:        1.06 GB reserved,       5.00 MB ( <1%) committed. 

Chunk freelists:
   Non-Class:  3.00 MB
       Class:  3.62 MB
        Both:  6.62 MB

MaxMetaspaceSize: unlimited
CompressedClassSpaceSize: 1.00 GB
Initial GC threshold: 21.00 MB
Current GC threshold: 21.00 MB
CDS: off
MetaspaceReclaimPolicy: balanced
 - commit_granule_bytes: 65536.
 - commit_granule_words: 8192.
 - virtual_space_node_default_size: 8388608.
 - enlarge_chunks_in_place: 1.
 - new_chunks_are_fully_committed: 0.
 - uncommit_free_chunks: 1.
 - use_allocation_guard: 0.


Internal statistics:

num_allocs_failed_limit: 0.
num_arena_births: 6.
num_arena_deaths: 0.
num_vsnodes_births: 2.
num_vsnodes_deaths: 0.
num_space_committed: 80.
num_space_uncommitted: 0.
num_chunks_returned_to_freelist: 0.
num_chunks_taken_from_freelist: 9.
num_chunk_merges: 0.
num_chunk_splits: 5.
num_chunks_enlarged: 2.
num_inconsistent_stats: 0.

CodeHeap 'non-profiled nmethods': size=119168Kb used=20Kb max_used=20Kb free=119148Kb
 bounds [0x000001e5c51c0000, 0x000001e5c5430000, 0x000001e5cc620000]
CodeHeap 'profiled nmethods': size=119104Kb used=63Kb max_used=63Kb free=119040Kb
 bounds [0x000001e5bdd70000, 0x000001e5bdfe0000, 0x000001e5c51c0000]
CodeHeap 'non-nmethods': size=7488Kb used=1088Kb max_used=1088Kb free=6399Kb
 bounds [0x000001e5bd620000, 0x000001e5bd890000, 0x000001e5bdd70000]
 total_blobs=410 nmethods=64 adapters=259
 compilation: enabled
              stopped_count=0, restarted_count=0
 full_count=0

Compilation events (20 events):
Event: 0.068 Thread 0x000001e5dd8359a0   40       3       java.util.ImmutableCollections$SetN$SetNIterator::next (90 bytes)
Event: 0.068 Thread 0x000001e5dd8359a0 nmethod 40 0x000001e5bdd7ab90 code [0x000001e5bdd7ad40, 0x000001e5bdd7b068]
Event: 0.068 Thread 0x000001e5dd8359a0   37       3       jdk.internal.misc.Unsafe::getReferenceAcquire (7 bytes)
Event: 0.068 Thread 0x000001e5dd8359a0 nmethod 37 0x000001e5bdd7b210 code [0x000001e5bdd7b3a0, 0x000001e5bdd7b518]
Event: 0.068 Thread 0x000001e5dd8359a0   39       3       java.util.concurrent.ConcurrentHashMap::spread (10 bytes)
Event: 0.068 Thread 0x000001e5dd8359a0 nmethod 39 0x000001e5bdd7b590 code [0x000001e5bdd7b720, 0x000001e5bdd7b818]
Event: 0.071 Thread 0x000001e5dd8359a0   41       3       java.util.HashMap::hash (20 bytes)
Event: 0.071 Thread 0x000001e5dd8359a0 nmethod 41 0x000001e5bdd7b890 code [0x000001e5bdd7ba40, 0x000001e5bdd7bc48]
Event: 0.078 Thread 0x000001e5dd8359a0   47       3       java.util.concurrent.ConcurrentHashMap$Node::<init> (20 bytes)
Event: 0.078 Thread 0x000001e5dd8359a0 nmethod 47 0x000001e5bdd7bd10 code [0x000001e5bdd7bec0, 0x000001e5bdd7c0f8]
Event: 0.078 Thread 0x000001e5dd8359a0   48       3       java.util.concurrent.ConcurrentHashMap::addCount (280 bytes)
Event: 0.079 Thread 0x000001e5dd8359a0 nmethod 48 0x000001e5bdd7c190 code [0x000001e5bdd7c3e0, 0x000001e5bdd7cd88]
Event: 0.079 Thread 0x000001e5dd8359a0   50   !   3       java.util.concurrent.ConcurrentHashMap::putVal (432 bytes)
Event: 0.081 Thread 0x000001e5dd8359a0 nmethod 50 0x000001e5bdd7d090 code [0x000001e5bdd7d400, 0x000001e5bdd7efa8]
Event: 0.083 Thread 0x000001e5dd8359a0   54       1       java.lang.Enum::ordinal (5 bytes)
Event: 0.083 Thread 0x000001e5dd8359a0 nmethod 54 0x000001e5c51c3110 code [0x000001e5c51c32a0, 0x000001e5c51c3378]
Event: 0.085 Thread 0x000001e5dd8359a0   60       1       java.lang.invoke.MethodType::returnType (5 bytes)
Event: 0.085 Thread 0x000001e5dd8359a0 nmethod 60 0x000001e5c51c4410 code [0x000001e5c51c45a0, 0x000001e5c51c4678]
Event: 0.087 Thread 0x000001e5dd8359a0   64       3       java.lang.invoke.MemberName::testFlags (16 bytes)
Event: 0.087 Thread 0x000001e5dd8359a0 nmethod 64 0x000001e5bdd7f990 code [0x000001e5bdd7fb20, 0x000001e5bdd7fc98]

GC Heap History (0 events):
No events

Deoptimization events (0 events):
No events

Classes loaded (20 events):
Event: 0.087 Loading class jdk/internal/ref/CleanerFactory done
Event: 0.087 Loading class jdk/internal/ref/CleanerFactory$1
Event: 0.087 Loading class java/util/concurrent/ThreadFactory
Event: 0.088 Loading class java/util/concurrent/ThreadFactory done
Event: 0.088 Loading class jdk/internal/ref/CleanerFactory$1 done
Event: 0.088 Loading class java/lang/ref/Cleaner
Event: 0.088 Loading class java/lang/ref/Cleaner done
Event: 0.088 Loading class java/lang/ref/Cleaner$1
Event: 0.088 Loading class java/lang/ref/Cleaner$1 done
Event: 0.088 Loading class jdk/internal/ref/CleanerImpl
Event: 0.088 Loading class jdk/internal/ref/CleanerImpl done
Event: 0.088 Loading class jdk/internal/ref/CleanerImpl$PhantomCleanableRef
Event: 0.088 Loading class jdk/internal/ref/PhantomCleanable
Event: 0.088 Loading class java/lang/ref/Cleaner$Cleanable
Event: 0.088 Loading class java/lang/ref/Cleaner$Cleanable done
Event: 0.088 Loading class jdk/internal/ref/PhantomCleanable done
Event: 0.088 Loading class jdk/internal/ref/CleanerImpl$PhantomCleanableRef done
Event: 0.088 Loading class jdk/internal/ref/CleanerImpl$CleanerCleanable
Event: 0.088 Loading class jdk/internal/ref/CleanerImpl$CleanerCleanable done
Event: 0.088 Loading class jdk/internal/misc/InnocuousThread

Classes unloaded (0 events):
No events

Classes redefined (0 events):
No events

Internal exceptions (0 events):
No events

VM Operations (0 events):
No events

Events (12 events):
Event: 0.006 Loaded shared library C:\Program Files\Java\jdk-18.0.2\bin\java.dll
Event: 0.029 Loaded shared library C:\Program Files\Java\jdk-18.0.2\bin\jsvml.dll
Event: 0.030 Thread 0x000001e5b5cf42f0 Thread added: 0x000001e5b5cf42f0
Event: 0.034 Thread 0x000001e5d936b010 Thread added: 0x000001e5d936b010
Event: 0.034 Thread 0x000001e5d936dc80 Thread added: 0x000001e5d936dc80
Event: 0.048 Thread 0x000001e5dd80c7e0 Thread added: 0x000001e5dd80c7e0
Event: 0.048 Thread 0x000001e5dd80d180 Thread added: 0x000001e5dd80d180
Event: 0.049 Thread 0x000001e5dd80e340 Thread added: 0x000001e5dd80e340
Event: 0.049 Thread 0x000001e5dd80ece0 Thread added: 0x000001e5dd80ece0
Event: 0.049 Thread 0x000001e5dd80f9b0 Thread added: 0x000001e5dd80f9b0
Event: 0.049 Thread 0x000001e5dd8359a0 Thread added: 0x000001e5dd8359a0
Event: 0.049 Thread 0x000001e5dd8456e0 Thread added: 0x000001e5dd8456e0


Dynamic libraries:
0x00007ff7d6410000 - 0x00007ff7d6420000 	C:\Program Files\Java\jdk-18.0.2\bin\java.exe
0x00007fff71660000 - 0x00007fff71869000 	C:\Windows\SYSTEM32\ntdll.dll
0x00007fff70380000 - 0x00007fff7043d000 	C:\Windows\System32\KERNEL32.DLL
0x00007fff6ec90000 - 0x00007fff6f014000 	C:\Windows\System32\KERNELBASE.dll
0x00007fff689e0000 - 0x00007fff68a72000 	C:\Windows\SYSTEM32\apphelp.dll
0x00007fff6f2d0000 - 0x00007fff6f3e1000 	C:\Windows\System32\ucrtbase.dll
0x00007fff59370000 - 0x00007fff5938a000 	C:\Program Files\Java\jdk-18.0.2\bin\VCRUNTIME140.dll
0x00007fff63ae0000 - 0x00007fff63af8000 	C:\Program Files\Java\jdk-18.0.2\bin\jli.dll
0x00007fff70b90000 - 0x00007fff70c3e000 	C:\Windows\System32\ADVAPI32.dll
0x00007fff70700000 - 0x00007fff707a3000 	C:\Windows\System32\msvcrt.dll
0x00007fff6f720000 - 0x00007fff6f7be000 	C:\Windows\System32\sechost.dll
0x00007fff6f5f0000 - 0x00007fff6f711000 	C:\Windows\System32\RPCRT4.dll
0x00007fff70990000 - 0x00007fff70b3d000 	C:\Windows\System32\USER32.dll
0x00007fff6f130000 - 0x00007fff6f156000 	C:\Windows\System32\win32u.dll
0x00007fff3e7f0000 - 0x00007fff3ea95000 	C:\Windows\WinSxS\amd64_microsoft.windows.common-controls_6595b64144ccf1df_6.0.22000.120_none_9d947278b86cc467\COMCTL32.dll
0x00007fff70b50000 - 0x00007fff70b7a000 	C:\Windows\System32\GDI32.dll
0x00007fff6eaf0000 - 0x00007fff6ec0e000 	C:\Windows\System32\gdi32full.dll
0x00007fff6f020000 - 0x00007fff6f0bd000 	C:\Windows\System32\msvcp_win.dll
0x00007fff582b0000 - 0x00007fff582ba000 	C:\Windows\SYSTEM32\VERSION.dll
0x00007fff70c40000 - 0x00007fff70c71000 	C:\Windows\System32\IMM32.DLL
0x00007fff672f0000 - 0x00007fff672fc000 	C:\Program Files\Java\jdk-18.0.2\bin\vcruntime140_1.dll
0x00007fff218f0000 - 0x00007fff2197d000 	C:\Program Files\Java\jdk-18.0.2\bin\msvcp140.dll
0x00007ffed9190000 - 0x00007ffed9da1000 	C:\Program Files\Java\jdk-18.0.2\bin\server\jvm.dll
0x00007fff70b80000 - 0x00007fff70b88000 	C:\Windows\System32\PSAPI.DLL
0x00007fff6c5b0000 - 0x00007fff6c5e3000 	C:\Windows\SYSTEM32\WINMM.dll
0x00007fff50bc0000 - 0x00007fff50bc9000 	C:\Windows\SYSTEM32\WSOCK32.dll
0x00007fff6fb40000 - 0x00007fff6fbaf000 	C:\Windows\System32\WS2_32.dll
0x00007fff6dc50000 - 0x00007fff6dc68000 	C:\Windows\SYSTEM32\kernel.appcore.dll
0x00007fff63ad0000 - 0x00007fff63ada000 	C:\Program Files\Java\jdk-18.0.2\bin\jimage.dll
0x00007fff6c2f0000 - 0x00007fff6c511000 	C:\Windows\SYSTEM32\DBGHELP.DLL
0x00007fff6c570000 - 0x00007fff6c5a1000 	C:\Windows\SYSTEM32\dbgcore.DLL
0x00007fff6ec10000 - 0x00007fff6ec8f000 	C:\Windows\System32\bcryptPrimitives.dll
0x00007fff57d80000 - 0x00007fff57da5000 	C:\Program Files\Java\jdk-18.0.2\bin\java.dll
0x00007fff329f0000 - 0x00007fff32ac6000 	C:\Program Files\Java\jdk-18.0.2\bin\jsvml.dll
0x00007fff70c80000 - 0x00007fff71445000 	C:\Windows\System32\SHELL32.dll
0x00007fff6cbd0000 - 0x00007fff6d432000 	C:\Windows\SYSTEM32\windows.storage.dll
0x00007fff6f7c0000 - 0x00007fff6fb36000 	C:\Windows\System32\combase.dll
0x00007fff6ca60000 - 0x00007fff6cbc7000 	C:\Windows\SYSTEM32\wintypes.dll
0x00007fff707b0000 - 0x00007fff7089a000 	C:\Windows\System32\SHCORE.dll
0x00007fff70290000 - 0x00007fff702ed000 	C:\Windows\System32\shlwapi.dll
0x00007fff6ea20000 - 0x00007fff6ea45000 	C:\Windows\SYSTEM32\profapi.dll

dbghelp: loaded successfully - version: 4.0.5 - missing functions: none
symbol engine: initialized successfully - sym options: 0x614 - pdb path: .;C:\Program Files\Java\jdk-18.0.2\bin;C:\Windows\SYSTEM32;C:\Windows\WinSxS\amd64_microsoft.windows.common-controls_6595b64144ccf1df_6.0.22000.120_none_9d947278b86cc467;C:\Program Files\Java\jdk-18.0.2\bin\server

VM Arguments:
jvm_args: -Dfile.encoding=UTF-8 --module-path=C:\Users\RATAN\Documents\NetBeansProjects\Employee Management System\build\classes 
java_command: employee.management.system.Splash
java_class_path (initial): C:\Users\RATAN\Downloads\mysql-connector-java-8.0.28.jar;C:\Users\RATAN\Downloads\jcalendar-tz-1.3.3-4.jar;C:\Users\RATAN\Downloads\rs2xml.jar;C:\Users\RATAN\Documents\NetBeansProjects\Employee Management System\build\classes
Launcher Type: SUN_STANDARD

[Global flags]
     intx CICompilerCount                          = 12                                        {product} {ergonomic}
     uint ConcGCThreads                            = 3                                         {product} {ergonomic}
     uint G1ConcRefinementThreads                  = 13                                        {product} {ergonomic}
   size_t G1HeapRegionSize                         = 2097152                                   {product} {ergonomic}
    uintx GCDrainStackTargetSize                   = 64                                        {product} {ergonomic}
   size_t InitialHeapSize                          = 264241152                                 {product} {ergonomic}
   size_t MarkStackSize                            = 4194304                                   {product} {ergonomic}
   size_t MaxHeapSize                              = 4213178368                                {product} {ergonomic}
   size_t MaxNewSize                               = 2527068160                                {product} {ergonomic}
   size_t MinHeapDeltaBytes                        = 2097152                                   {product} {ergonomic}
   size_t MinHeapSize                              = 8388608                                   {product} {ergonomic}
    uintx NonNMethodCodeHeapSize                   = 7602480                                {pd product} {ergonomic}
    uintx NonProfiledCodeHeapSize                  = 122027880                              {pd product} {ergonomic}
    uintx ProfiledCodeHeapSize                     = 122027880                              {pd product} {ergonomic}
    uintx ReservedCodeCacheSize                    = 251658240                              {pd product} {ergonomic}
     bool SegmentedCodeCache                       = true                                      {product} {ergonomic}
   size_t SoftMaxHeapSize                          = 4213178368                             {manageable} {ergonomic}
     bool UseCompressedClassPointers               = true                           {product lp64_product} {ergonomic}
     bool UseCompressedOops                        = true                           {product lp64_product} {ergonomic}
     bool UseG1GC                                  = true                                      {product} {ergonomic}
     bool UseLargePagesIndividualAllocation        = false                                  {pd product} {ergonomic}

Logging:
Log output configuration:
 #0: stdout all=warning uptime,level,tags foldmultilines=false
 #1: stderr all=off uptime,level,tags foldmultilines=false

Environment Variables:
PATH=C:\oraclexe\app\oracle\product\11.2.0\server\bin;C:\Program Files\Common Files\Oracle\Java\javapath;C:\Windows\system32;C:\Windows;C:\Windows\System32\Wbem;C:\Windows\System32\WindowsPowerShell\v1.0\;C:\Windows\System32\OpenSSH\;C:\Program Files\dotnet\;C:\php-8.2.4;C:\xampp;C:\Program Files\Git\cmd;C:\Program Files\nodejs\;C:\Users\RATAN\AppData\Local\Microsoft\WindowsApps;;C:\Users\RATAN\AppData\Local\Programs\Microsoft VS Code\bin;C:\Users\RATAN\AppData\Roaming\npm
USERNAME=RATAN
OS=Windows_NT
PROCESSOR_IDENTIFIER=Intel64 Family 6 Model 154 Stepping 3, GenuineIntel



---------------  S Y S T E M  ---------------

OS:
 Windows 11 , 64 bit Build 22000 (10.0.22000.2538)
OS uptime: 15 days 21:52 hours

CPU: total 16 (initial active 16) (8 cores per cpu, 2 threads per core) family 6 model 154 stepping 3 microcode 0x432, cx8, cmov, fxsr, ht, mmx, 3dnowpref, sse, sse2, sse3, ssse3, sse4.1, sse4.2, popcnt, lzcnt, tsc, tscinvbit, avx, avx2, aes, erms, clmul, bmi1, bmi2, adx, sha, fma, vzeroupper, clflush, clflushopt, clwb, serialize

Memory: 4k page, system-wide physical 16068M (2213M free)
TotalPageFile size 35967M (AvailPageFile size 5M)
current process WorkingSet (physical memory assigned to process): 29M, peak: 29M
current process commit charge ("private bytes"): 342M, peak: 344M

vm_info: Java HotSpot(TM) 64-Bit Server VM (18.0.2+9-61) for windows-amd64 JRE (18.0.2+9-61), built on Jun  7 2022 13:09:01 by "mach5one" with MS VC++ 16.8 / 16.9 (VS2019)

END.
