#
# There is insufficient memory for the Java Runtime Environment to continue.
# Native memory allocation (mmap) failed to map 264241152 bytes for G1 virtual space
# Possible reasons:
#   The system is out of physical RAM or swap space
#   The process is running with CompressedOops enabled, and the Java Heap may be blocking the growth of the native heap
# Possible solutions:
#   Reduce memory load on the system
#   Increase physical memory or swap space
#   Check if swap backing store is full
#   Decrease Java heap size (-Xmx/-Xms)
#   Decrease number of Java threads
#   Decrease Java thread stack sizes (-Xss)
#   Set larger code cache with -XX:ReservedCodeCacheSize=
#   JVM is running with Zero Based Compressed Oops mode in which the Java heap is
#     placed in the first 32GB address space. The Java Heap base address is the
#     maximum limit for the native heap growth. Please use -XX:HeapBaseMinAddress
#     to set the Java Heap base and to place the Java Heap above 32GB virtual address.
# This output file may be truncated or incomplete.
#
#  Out of Memory Error (os_windows.cpp:3530), pid=12216, tid=17088
#
# JRE version:  (18.0.2+9) (build )
# Java VM: Java HotSpot(TM) 64-Bit Server VM (18.0.2+9-61, mixed mode, sharing, tiered, compressed oops, compressed class ptrs, g1 gc, windows-amd64)
# No core dump will be written. Minidumps are not enabled by default on client versions of Windows
#

---------------  S U M M A R Y ------------

Command Line: -Dfile.encoding=UTF-8 --module-path=C:\Users\RATAN\Documents\NetBeansProjects\Employee Management System\build\classes employee.management.system.Splash

Host: 12th Gen Intel(R) Core(TM) i5-1240P, 16 cores, 15G,  Windows 11 , 64 bit Build 22000 (10.0.22000.2538)
Time: Wed Oct  2 16:52:40 2024 India Standard Time elapsed time: 0.008150 seconds (0d 0h 0m 0s)

---------------  T H R E A D  ---------------

Current thread (0x000001be0ba13860):  JavaThread "Unknown thread" [_thread_in_vm, id=17088, stack(0x00000006ab600000,0x00000006ab700000)]

Stack: [0x00000006ab600000,0x00000006ab700000]
Native frames: (J=compiled Java code, j=interpreted, Vv=VM code, C=native code)
V  [jvm.dll+0x6993ca]
V  [jvm.dll+0x7f481d]
V  [jvm.dll+0x7f612e]
V  [jvm.dll+0x7f67e3]
V  [jvm.dll+0x25cdaf]
V  [jvm.dll+0x696319]
V  [jvm.dll+0x68ae4a]
V  [jvm.dll+0x3223eb]
V  [jvm.dll+0x329dc6]
V  [jvm.dll+0x37eade]
V  [jvm.dll+0x37ed0f]
V  [jvm.dll+0x2fa16a]
V  [jvm.dll+0x2fb1cd]
V  [jvm.dll+0x7c3450]
V  [jvm.dll+0x38be61]
V  [jvm.dll+0x7a2073]
V  [jvm.dll+0x40dc3f]
V  [jvm.dll+0x40f611]
C  [jli.dll+0x526b]
C  [ucrtbase.dll+0x26c0c]
C  [KERNEL32.DLL+0x153e0]
C  [ntdll.dll+0x485b]


---------------  P R O C E S S  ---------------

Threads class SMR info:
_java_thread_list=0x00007ffed9c6e550, length=0, elements={
}

Java Threads: ( => current thread )

Other Threads:
  0x000001be0ba81870 WorkerThread "GC Thread#0" [stack: 0x00000006ab700000,0x00000006ab800000] [id=38248]
  0x000001be0ba932c0 ConcurrentGCThread "G1 Main Marker" [stack: 0x00000006ab800000,0x00000006ab900000] [id=55504]
  0x000001be0ba94450 WorkerThread "G1 Conc#0" [stack: 0x00000006ab900000,0x00000006aba00000] [id=59116]

[error occurred during error reporting (printing all threads), id 0xc0000005, EXCEPTION_ACCESS_VIOLATION (0xc0000005) at pc=0x00007ffed949a707]

VM state: not at safepoint (not fully initialized)

VM Mutex/Monitor currently owned by a thread:  ([mutex/lock_event])
[0x000001be0ba0ed90] Heap_lock - owner thread: 0x000001be0ba13860

Heap address: 0x0000000704e00000, size: 4018 MB, Compressed Oops mode: Zero based, Oop shift amount: 3

CDS archive(s) mapped at: [0x0000000000000000-0x0000000000000000-0x0000000000000000), size 0, SharedBaseAddress: 0x0000000800000000, ArchiveRelocationMode: 0.
Narrow klass base: 0x0000000000000000, Narrow klass shift: 0, Narrow klass range: 0x0

GC Precious Log:
 CardTable entry size: 512
 Card Set container configuration: InlinePtr #cards 4 size 8 Array Of Cards #cards 16 size 48 Howl #buckets 8 coarsen threshold 3686 Howl Bitmap #cards 512 size 80 coarsen threshold 460 Card regions per heap region 1 cards per card region 4096

Heap:
 garbage-first heap   total 0K, used 0K [0x0000000704e00000, 0x0000000800000000)
  region size 2048K, 0 young (0K), 0 survivors (0K)

[error occurred during error reporting (printing heap information), id 0xc0000005, EXCEPTION_ACCESS_VIOLATION (0xc0000005) at pc=0x00007ffed9881859]

GC Heap History (0 events):
No events

Deoptimization events (0 events):
No events

Classes loaded (0 events):
No events

Classes unloaded (0 events):
No events

Classes redefined (0 events):
No events

Internal exceptions (0 events):
No events

VM Operations (0 events):
No events

Events (1 events):
Event: 0.005 Loaded shared library C:\Program Files\Java\jdk-18.0.2\bin\java.dll


Dynamic libraries:
0x00007ff7d6410000 - 0x00007ff7d6420000 	C:\Program Files\Java\jdk-18.0.2\bin\java.exe
0x00007fff71660000 - 0x00007fff71869000 	C:\Windows\SYSTEM32\ntdll.dll
0x00007fff70380000 - 0x00007fff7043d000 	C:\Windows\System32\KERNEL32.DLL
0x00007fff6ec90000 - 0x00007fff6f014000 	C:\Windows\System32\KERNELBASE.dll
0x00007fff689e0000 - 0x00007fff68a72000 	C:\Windows\SYSTEM32\apphelp.dll
0x00007fff6f2d0000 - 0x00007fff6f3e1000 	C:\Windows\System32\ucrtbase.dll
0x00007fff59370000 - 0x00007fff5938a000 	C:\Program Files\Java\jdk-18.0.2\bin\VCRUNTIME140.dll
0x00007fff63ae0000 - 0x00007fff63af8000 	C:\Program Files\Java\jdk-18.0.2\bin\jli.dll
0x00007fff70b90000 - 0x00007fff70c3e000 	C:\Windows\System32\ADVAPI32.dll
0x00007fff70700000 - 0x00007fff707a3000 	C:\Windows\System32\msvcrt.dll
0x00007fff6f720000 - 0x00007fff6f7be000 	C:\Windows\System32\sechost.dll
0x00007fff6f5f0000 - 0x00007fff6f711000 	C:\Windows\System32\RPCRT4.dll
0x00007fff70990000 - 0x00007fff70b3d000 	C:\Windows\System32\USER32.dll
0x00007fff6f130000 - 0x00007fff6f156000 	C:\Windows\System32\win32u.dll
0x00007fff3e7f0000 - 0x00007fff3ea95000 	C:\Windows\WinSxS\amd64_microsoft.windows.common-controls_6595b64144ccf1df_6.0.22000.120_none_9d947278b86cc467\COMCTL32.dll
0x00007fff70b50000 - 0x00007fff70b7a000 	C:\Windows\System32\GDI32.dll
0x00007fff6eaf0000 - 0x00007fff6ec0e000 	C:\Windows\System32\gdi32full.dll
0x00007fff6f020000 - 0x00007fff6f0bd000 	C:\Windows\System32\msvcp_win.dll
0x00007fff582b0000 - 0x00007fff582ba000 	C:\Windows\SYSTEM32\VERSION.dll
0x00007fff70c40000 - 0x00007fff70c71000 	C:\Windows\System32\IMM32.DLL
0x00007fff672f0000 - 0x00007fff672fc000 	C:\Program Files\Java\jdk-18.0.2\bin\vcruntime140_1.dll
0x00007fff218f0000 - 0x00007fff2197d000 	C:\Program Files\Java\jdk-18.0.2\bin\msvcp140.dll
0x00007ffed9190000 - 0x00007ffed9da1000 	C:\Program Files\Java\jdk-18.0.2\bin\server\jvm.dll
0x00007fff70b80000 - 0x00007fff70b88000 	C:\Windows\System32\PSAPI.DLL
0x00007fff6c5b0000 - 0x00007fff6c5e3000 	C:\Windows\SYSTEM32\WINMM.dll
0x00007fff50bc0000 - 0x00007fff50bc9000 	C:\Windows\SYSTEM32\WSOCK32.dll
0x00007fff6fb40000 - 0x00007fff6fbaf000 	C:\Windows\System32\WS2_32.dll
0x00007fff6dc50000 - 0x00007fff6dc68000 	C:\Windows\SYSTEM32\kernel.appcore.dll
0x00007fff63ad0000 - 0x00007fff63ada000 	C:\Program Files\Java\jdk-18.0.2\bin\jimage.dll
0x00007fff6c2f0000 - 0x00007fff6c511000 	C:\Windows\SYSTEM32\DBGHELP.DLL
0x00007fff6c570000 - 0x00007fff6c5a1000 	C:\Windows\SYSTEM32\dbgcore.DLL
0x00007fff6ec10000 - 0x00007fff6ec8f000 	C:\Windows\System32\bcryptPrimitives.dll
0x00007fff57d80000 - 0x00007fff57da5000 	C:\Program Files\Java\jdk-18.0.2\bin\java.dll

dbghelp: loaded successfully - version: 4.0.5 - missing functions: none
symbol engine: initialized successfully - sym options: 0x614 - pdb path: .;C:\Program Files\Java\jdk-18.0.2\bin;C:\Windows\SYSTEM32;C:\Windows\WinSxS\amd64_microsoft.windows.common-controls_6595b64144ccf1df_6.0.22000.120_none_9d947278b86cc467;C:\Program Files\Java\jdk-18.0.2\bin\server

VM Arguments:
jvm_args: -Dfile.encoding=UTF-8 --module-path=C:\Users\RATAN\Documents\NetBeansProjects\Employee Management System\build\classes 
java_command: employee.management.system.Splash
java_class_path (initial): C:\Users\RATAN\Downloads\mysql-connector-java-8.0.28.jar;C:\Users\RATAN\Downloads\jcalendar-tz-1.3.3-4.jar;C:\Users\RATAN\Downloads\rs2xml.jar;C:\Users\RATAN\Documents\NetBeansProjects\Employee Management System\build\classes
Launcher Type: SUN_STANDARD

[Global flags]
     intx CICompilerCount                          = 12                                        {product} {ergonomic}
     uint ConcGCThreads                            = 3                                         {product} {ergonomic}
     uint G1ConcRefinementThreads                  = 13                                        {product} {ergonomic}
   size_t G1HeapRegionSize                         = 2097152                                   {product} {ergonomic}
    uintx GCDrainStackTargetSize                   = 64                                        {product} {ergonomic}
   size_t InitialHeapSize                          = 264241152                                 {product} {ergonomic}
   size_t MarkStackSize                            = 4194304                                   {product} {ergonomic}
   size_t MaxHeapSize                              = 4213178368                                {product} {ergonomic}
   size_t MinHeapDeltaBytes                        = 2097152                                   {product} {ergonomic}
   size_t MinHeapSize                              = 8388608                                   {product} {ergonomic}
    uintx NonNMethodCodeHeapSize                   = 7602480                                {pd product} {ergonomic}
    uintx NonProfiledCodeHeapSize                  = 122027880                              {pd product} {ergonomic}
    uintx ProfiledCodeHeapSize                     = 122027880                              {pd product} {ergonomic}
    uintx ReservedCodeCacheSize                    = 251658240                              {pd product} {ergonomic}
     bool SegmentedCodeCache                       = true                                      {product} {ergonomic}
   size_t SoftMaxHeapSize                          = 4213178368                             {manageable} {ergonomic}
     bool UseCompressedClassPointers               = true                           {product lp64_product} {ergonomic}
     bool UseCompressedOops                        = true                           {product lp64_product} {ergonomic}
     bool UseG1GC                                  = true                                      {product} {ergonomic}
     bool UseLargePagesIndividualAllocation        = false                                  {pd product} {ergonomic}

Logging:
Log output configuration:
 #0: stdout all=warning uptime,level,tags foldmultilines=false
 #1: stderr all=off uptime,level,tags foldmultilines=false

Environment Variables:
PATH=C:\oraclexe\app\oracle\product\11.2.0\server\bin;C:\Program Files\Common Files\Oracle\Java\javapath;C:\Windows\system32;C:\Windows;C:\Windows\System32\Wbem;C:\Windows\System32\WindowsPowerShell\v1.0\;C:\Windows\System32\OpenSSH\;C:\Program Files\dotnet\;C:\php-8.2.4;C:\xampp;C:\Program Files\Git\cmd;C:\Program Files\nodejs\;C:\Users\RATAN\AppData\Local\Microsoft\WindowsApps;;C:\Users\RATAN\AppData\Local\Programs\Microsoft VS Code\bin;C:\Users\RATAN\AppData\Roaming\npm
USERNAME=RATAN
OS=Windows_NT
PROCESSOR_IDENTIFIER=Intel64 Family 6 Model 154 Stepping 3, GenuineIntel



---------------  S Y S T E M  ---------------

OS:
 Windows 11 , 64 bit Build 22000 (10.0.22000.2538)
OS uptime: 15 days 22:03 hours

CPU: total 16 (initial active 16) (8 cores per cpu, 2 threads per core) family 6 model 154 stepping 3 microcode 0x432, cx8, cmov, fxsr, ht, mmx, 3dnowpref, sse, sse2, sse3, ssse3, sse4.1, sse4.2, popcnt, lzcnt, tsc, tscinvbit, avx, avx2, aes, erms, clmul, bmi1, bmi2, adx, sha, fma, vzeroupper, clflush, clflushopt, clwb, serialize

Memory: 4k page, system-wide physical 16068M (2056M free)
TotalPageFile size 35967M (AvailPageFile size 102M)
current process WorkingSet (physical memory assigned to process): 11M, peak: 11M
current process commit charge ("private bytes"): 70M, peak: 322M

vm_info: Java HotSpot(TM) 64-Bit Server VM (18.0.2+9-61) for windows-amd64 JRE (18.0.2+9-61), built on Jun  7 2022 13:09:01 by "mach5one" with MS VC++ 16.8 / 16.9 (VS2019)

END.
