#
# There is insufficient memory for the Java Runtime Environment to continue.
# Native memory allocation (mmap) failed to map 65536 bytes for Failed to commit metaspace.
# Possible reasons:
#   The system is out of physical RAM or swap space
#   The process is running with CompressedOops enabled, and the Java Heap may be blocking the growth of the native heap
# Possible solutions:
#   Reduce memory load on the system
#   Increase physical memory or swap space
#   Check if swap backing store is full
#   Decrease Java heap size (-Xmx/-Xms)
#   Decrease number of Java threads
#   Decrease Java thread stack sizes (-Xss)
#   Set larger code cache with -XX:ReservedCodeCacheSize=
#   JVM is running with Zero Based Compressed Oops mode in which the Java heap is
#     placed in the first 32GB address space. The Java Heap base address is the
#     maximum limit for the native heap growth. Please use -XX:HeapBaseMinAddress
#     to set the Java Heap base and to place the Java Heap above 32GB virtual address.
# This output file may be truncated or incomplete.
#
#  Out of Memory Error (virtualSpaceNode.cpp:110), pid=35916, tid=58312
#
# JRE version: Java(TM) SE Runtime Environment (18.0.2+9) (build 18.0.2+9-61)
# Java VM: Java HotSpot(TM) 64-Bit Server VM (18.0.2+9-61, mixed mode, tiered, compressed oops, compressed class ptrs, g1 gc, windows-amd64)
# No core dump will be written. Minidumps are not enabled by default on client versions of Windows
#

---------------  S U M M A R Y ------------

Command Line: -Dfile.encoding=UTF-8 --module-path=C:\Users\RATAN\Documents\NetBeansProjects\Employee Management System\build\classes employee.management.system.Splash

Host: 12th Gen Intel(R) Core(TM) i5-1240P, 16 cores, 15G,  Windows 11 , 64 bit Build 22000 (10.0.22000.2538)
Time: Wed Oct  2 16:41:36 2024 India Standard Time elapsed time: 0.063145 seconds (0d 0h 0m 0s)

---------------  T H R E A D  ---------------

Current thread (0x0000020de2674850):  JavaThread "main" [_thread_in_vm, id=58312, stack(0x00000083e1700000,0x00000083e1800000)]

Stack: [0x00000083e1700000,0x00000083e1800000]
Native frames: (J=compiled Java code, j=interpreted, Vv=VM code, C=native code)
V  [jvm.dll+0x6993ca]
V  [jvm.dll+0x7f481d]
V  [jvm.dll+0x7f612e]
V  [jvm.dll+0x7f67e3]
V  [jvm.dll+0x25cdaf]
V  [jvm.dll+0x7f052b]
V  [jvm.dll+0x63f546]
V  [jvm.dll+0x63f5aa]
V  [jvm.dll+0x641e2e]
V  [jvm.dll+0x641cee]
V  [jvm.dll+0x63ff0e]
V  [jvm.dll+0x25152f]
V  [jvm.dll+0x64a545]
V  [jvm.dll+0x2027b1]
V  [jvm.dll+0x202ce5]
V  [jvm.dll+0x20371f]
V  [jvm.dll+0x1f8bb1]
V  [jvm.dll+0x55dc05]
V  [jvm.dll+0x209a67]
V  [jvm.dll+0x76dddd]
V  [jvm.dll+0x76f116]
V  [jvm.dll+0x76f8a1]
V  [jvm.dll+0x2039b4]
V  [jvm.dll+0x1f8bca]
V  [jvm.dll+0x55dc05]
V  [jvm.dll+0x209a67]
V  [jvm.dll+0x76dddd]
V  [jvm.dll+0x76f116]
V  [jvm.dll+0x76f448]
V  [jvm.dll+0x2551d6]
V  [jvm.dll+0x3a13de]
C  0x0000020de9fbb82d

Java frames: (J=compiled Java code, j=interpreted, Vv=VM code)
j  java.lang.invoke.InvokerBytecodeGenerator.classFilePrologue()Ljdk/internal/org/objectweb/asm/ClassWriter;+2 java.base@18.0.2
j  java.lang.invoke.InvokerBytecodeGenerator.generateCustomizedCodeBytes()[B+1 java.base@18.0.2
j  java.lang.invoke.InvokerBytecodeGenerator.generateCustomizedCode(Ljava/lang/invoke/LambdaForm;Ljava/lang/invoke/MethodType;)Ljava/lang/invoke/MemberName;+27 java.base@18.0.2
j  java.lang.invoke.LambdaForm.compileToBytecode()V+69 java.base@18.0.2
j  java.lang.invoke.LambdaForm.prepare()V+21 java.base@18.0.2
j  java.lang.invoke.MethodHandle.<init>(Ljava/lang/invoke/MethodType;Ljava/lang/invoke/LambdaForm;)V+33 java.base@18.0.2
j  java.lang.invoke.BoundMethodHandle.<init>(Ljava/lang/invoke/MethodType;Ljava/lang/invoke/LambdaForm;)V+3 java.base@18.0.2
j  java.lang.invoke.BoundMethodHandle$Species_L.<init>(Ljava/lang/invoke/MethodType;Ljava/lang/invoke/LambdaForm;Ljava/lang/Object;)V+3 java.base@18.0.2
j  java.lang.invoke.BoundMethodHandle$Species_L.copyWith(Ljava/lang/invoke/MethodType;Ljava/lang/invoke/LambdaForm;)Ljava/lang/invoke/BoundMethodHandle;+10 java.base@18.0.2
j  java.lang.invoke.MethodHandles.dropArguments0(Ljava/lang/invoke/MethodHandle;ILjava/util/List;)Ljava/lang/invoke/MethodHandle;+105 java.base@18.0.2
j  java.lang.invoke.MethodHandles.dropArguments(Ljava/lang/invoke/MethodHandle;I[Ljava/lang/Class;)Ljava/lang/invoke/MethodHandle;+6 java.base@18.0.2
j  jdk.internal.reflect.MethodHandleAccessorFactory.makeSpecializedTarget(Ljava/lang/invoke/MethodHandle;ZZ)Ljava/lang/invoke/MethodHandle;+86 java.base@18.0.2
j  jdk.internal.reflect.MethodHandleAccessorFactory.getDirectMethod(Ljava/lang/reflect/Method;Z)Ljava/lang/invoke/MethodHandle;+79 java.base@18.0.2
j  jdk.internal.reflect.MethodHandleAccessorFactory.newMethodAccessor(Ljava/lang/reflect/Method;Z)Ljdk/internal/reflect/MethodAccessorImpl;+41 java.base@18.0.2
j  jdk.internal.reflect.ReflectionFactory.newMethodAccessor(Ljava/lang/reflect/Method;Z)Ljdk/internal/reflect/MethodAccessor;+31 java.base@18.0.2
j  java.lang.reflect.Method.acquireMethodAccessor()Ljdk/internal/reflect/MethodAccessor;+38 java.base@18.0.2
j  java.lang.reflect.Method.invoke(Ljava/lang/Object;[Ljava/lang/Object;)Ljava/lang/Object;+75 java.base@18.0.2
j  java.lang.Class.getEnumConstantsShared()[Ljava/lang/Object;+49 java.base@18.0.2
j  java.lang.System$2.getEnumConstantsShared(Ljava/lang/Class;)[Ljava/lang/Enum;+1 java.base@18.0.2
j  java.util.EnumMap.getKeyUniverse(Ljava/lang/Class;)[Ljava/lang/Enum;+4 java.base@18.0.2
j  java.util.EnumMap.<init>(Ljava/lang/Class;)V+16 java.base@18.0.2
j  java.util.stream.StreamOpFlag.set(Ljava/util/stream/StreamOpFlag$Type;)Ljava/util/stream/StreamOpFlag$MaskBuilder;+10 java.base@18.0.2
j  java.util.stream.StreamOpFlag.<clinit>()V+11 java.base@18.0.2
v  ~StubRoutines::call_stub
j  java.util.stream.StreamSupport.stream(Ljava/util/Spliterator;Z)Ljava/util/stream/Stream;+11 java.base@18.0.2
j  java.util.Collection.stream()Ljava/util/stream/Stream;+7 java.base@18.0.2
j  jdk.internal.module.DefaultRoots.compute(Ljava/lang/module/ModuleFinder;Ljava/lang/module/ModuleFinder;)Ljava/util/Set;+6 java.base@18.0.2
j  jdk.internal.module.ModuleBootstrap.boot2()Ljava/lang/ModuleLayer;+727 java.base@18.0.2
j  jdk.internal.module.ModuleBootstrap.boot()Ljava/lang/ModuleLayer;+64 java.base@18.0.2
j  java.lang.System.initPhase2(ZZ)I+0 java.base@18.0.2
v  ~StubRoutines::call_stub

---------------  P R O C E S S  ---------------

Threads class SMR info:
_java_thread_list=0x0000020dff6f3080, length=10, elements={
0x0000020de2674850, 0x0000020dff6fbb00, 0x0000020dff6fe770, 0x0000020d8a04da40,
0x0000020d8a04e2f0, 0x0000020d8a04fbb0, 0x0000020d8a059eb0, 0x0000020d8a05a790,
0x0000020d8a069fc0, 0x0000020d8a0652d0
}

Java Threads: ( => current thread )
=>0x0000020de2674850 JavaThread "main" [_thread_in_vm, id=58312, stack(0x00000083e1700000,0x00000083e1800000)]
  0x0000020dff6fbb00 JavaThread "Reference Handler" daemon [_thread_blocked, id=59772, stack(0x00000083e1e00000,0x00000083e1f00000)]
  0x0000020dff6fe770 JavaThread "Finalizer" daemon [_thread_blocked, id=34752, stack(0x00000083e1f00000,0x00000083e2000000)]
  0x0000020d8a04da40 JavaThread "Signal Dispatcher" daemon [_thread_blocked, id=42556, stack(0x00000083e2000000,0x00000083e2100000)]
  0x0000020d8a04e2f0 JavaThread "Attach Listener" daemon [_thread_blocked, id=53204, stack(0x00000083e2100000,0x00000083e2200000)]
  0x0000020d8a04fbb0 JavaThread "Service Thread" daemon [_thread_blocked, id=2896, stack(0x00000083e2200000,0x00000083e2300000)]
  0x0000020d8a059eb0 JavaThread "Monitor Deflation Thread" daemon [_thread_blocked, id=59224, stack(0x00000083e2300000,0x00000083e2400000)]
  0x0000020d8a05a790 JavaThread "C2 CompilerThread0" daemon [_thread_blocked, id=52540, stack(0x00000083e2400000,0x00000083e2500000)]
  0x0000020d8a069fc0 JavaThread "C1 CompilerThread0" daemon [_thread_blocked, id=22856, stack(0x00000083e2500000,0x00000083e2600000)]
  0x0000020d8a0652d0 JavaThread "Sweeper thread" daemon [_thread_blocked, id=58048, stack(0x00000083e2600000,0x00000083e2700000)]

Other Threads:
  0x0000020dff6b1b30 VMThread "VM Thread" [stack: 0x00000083e1d00000,0x00000083e1e00000] [id=54324]
  0x0000020de26e0990 WorkerThread "GC Thread#0" [stack: 0x00000083e1800000,0x00000083e1900000] [id=43660]
  0x0000020de26f23e0 ConcurrentGCThread "G1 Main Marker" [stack: 0x00000083e1900000,0x00000083e1a00000] [id=4216]
  0x0000020de26f2dd0 WorkerThread "G1 Conc#0" [stack: 0x00000083e1a00000,0x00000083e1b00000] [id=37836]
  0x0000020dff5503d0 ConcurrentGCThread "G1 Refine#0" [stack: 0x00000083e1b00000,0x00000083e1c00000] [id=61104]
  0x0000020dff550a90 ConcurrentGCThread "G1 Service" [stack: 0x00000083e1c00000,0x00000083e1d00000] [id=42328]

Threads with active compile tasks:

VM state: not at safepoint (normal execution)

VM Mutex/Monitor currently owned by a thread:  ([mutex/lock_event])
[0x0000020de26716a0] Metaspace_lock - owner thread: 0x0000020de2674850

Heap address: 0x0000000704e00000, size: 4018 MB, Compressed Oops mode: Zero based, Oop shift amount: 3

CDS archive(s) not mapped
Compressed class space mapped at: 0x0000000800000000-0x0000000840000000, reserved size: 1073741824
Narrow klass base: 0x0000000800000000, Narrow klass shift: 0, Narrow klass range: 0x40000000

GC Precious Log:
 CardTable entry size: 512
 Card Set container configuration: InlinePtr #cards 4 size 8 Array Of Cards #cards 16 size 48 Howl #buckets 8 coarsen threshold 3686 Howl Bitmap #cards 512 size 80 coarsen threshold 460 Card regions per heap region 1 cards per card region 4096
 CPUs: 16 total, 16 available
 Memory: 16068M
 Large Page Support: Disabled
 NUMA Support: Disabled
 Compressed Oops: Enabled (Zero based)
 Heap Region Size: 2M
 Heap Min Capacity: 8M
 Heap Initial Capacity: 252M
 Heap Max Capacity: 4018M
 Pre-touch: Disabled
 Parallel Workers: 13
 Concurrent Workers: 3
 Concurrent Refinement Workers: 13
 Periodic GC: Disabled

Heap:
 garbage-first heap   total 258048K, used 0K [0x0000000704e00000, 0x0000000800000000)
  region size 2048K, 1 young (2048K), 0 survivors (0K)
 Metaspace       used 4568K, committed 4608K, reserved 1114112K
  class space    used 344K, committed 384K, reserved 1048576K

Heap Regions: E=young(eden), S=young(survivor), O=old, HS=humongous(starts), HC=humongous(continues), CS=collection set, F=free, OA=open archive, CA=closed archive, TAMS=top-at-mark-start (previous, next)
|   0|0x0000000704e00000, 0x0000000704e00000, 0x0000000705000000|  0%| F|  |TAMS 0x0000000704e00000, 0x0000000704e00000| Untracked 
|   1|0x0000000705000000, 0x0000000705000000, 0x0000000705200000|  0%| F|  |TAMS 0x0000000705000000, 0x0000000705000000| Untracked 
|   2|0x0000000705200000, 0x0000000705200000, 0x0000000705400000|  0%| F|  |TAMS 0x0000000705200000, 0x0000000705200000| Untracked 
|   3|0x0000000705400000, 0x0000000705400000, 0x0000000705600000|  0%| F|  |TAMS 0x0000000705400000, 0x0000000705400000| Untracked 
|   4|0x0000000705600000, 0x0000000705600000, 0x0000000705800000|  0%| F|  |TAMS 0x0000000705600000, 0x0000000705600000| Untracked 
|   5|0x0000000705800000, 0x0000000705800000, 0x0000000705a00000|  0%| F|  |TAMS 0x0000000705800000, 0x0000000705800000| Untracked 
|   6|0x0000000705a00000, 0x0000000705a00000, 0x0000000705c00000|  0%| F|  |TAMS 0x0000000705a00000, 0x0000000705a00000| Untracked 
|   7|0x0000000705c00000, 0x0000000705c00000, 0x0000000705e00000|  0%| F|  |TAMS 0x0000000705c00000, 0x0000000705c00000| Untracked 
|   8|0x0000000705e00000, 0x0000000705e00000, 0x0000000706000000|  0%| F|  |TAMS 0x0000000705e00000, 0x0000000705e00000| Untracked 
|   9|0x0000000706000000, 0x0000000706000000, 0x0000000706200000|  0%| F|  |TAMS 0x0000000706000000, 0x0000000706000000| Untracked 
|  10|0x0000000706200000, 0x0000000706200000, 0x0000000706400000|  0%| F|  |TAMS 0x0000000706200000, 0x0000000706200000| Untracked 
|  11|0x0000000706400000, 0x0000000706400000, 0x0000000706600000|  0%| F|  |TAMS 0x0000000706400000, 0x0000000706400000| Untracked 
|  12|0x0000000706600000, 0x0000000706600000, 0x0000000706800000|  0%| F|  |TAMS 0x0000000706600000, 0x0000000706600000| Untracked 
|  13|0x0000000706800000, 0x0000000706800000, 0x0000000706a00000|  0%| F|  |TAMS 0x0000000706800000, 0x0000000706800000| Untracked 
|  14|0x0000000706a00000, 0x0000000706a00000, 0x0000000706c00000|  0%| F|  |TAMS 0x0000000706a00000, 0x0000000706a00000| Untracked 
|  15|0x0000000706c00000, 0x0000000706c00000, 0x0000000706e00000|  0%| F|  |TAMS 0x0000000706c00000, 0x0000000706c00000| Untracked 
|  16|0x0000000706e00000, 0x0000000706e00000, 0x0000000707000000|  0%| F|  |TAMS 0x0000000706e00000, 0x0000000706e00000| Untracked 
|  17|0x0000000707000000, 0x0000000707000000, 0x0000000707200000|  0%| F|  |TAMS 0x0000000707000000, 0x0000000707000000| Untracked 
|  18|0x0000000707200000, 0x0000000707200000, 0x0000000707400000|  0%| F|  |TAMS 0x0000000707200000, 0x0000000707200000| Untracked 
|  19|0x0000000707400000, 0x0000000707400000, 0x0000000707600000|  0%| F|  |TAMS 0x0000000707400000, 0x0000000707400000| Untracked 
|  20|0x0000000707600000, 0x0000000707600000, 0x0000000707800000|  0%| F|  |TAMS 0x0000000707600000, 0x0000000707600000| Untracked 
|  21|0x0000000707800000, 0x0000000707800000, 0x0000000707a00000|  0%| F|  |TAMS 0x0000000707800000, 0x0000000707800000| Untracked 
|  22|0x0000000707a00000, 0x0000000707a00000, 0x0000000707c00000|  0%| F|  |TAMS 0x0000000707a00000, 0x0000000707a00000| Untracked 
|  23|0x0000000707c00000, 0x0000000707c00000, 0x0000000707e00000|  0%| F|  |TAMS 0x0000000707c00000, 0x0000000707c00000| Untracked 
|  24|0x0000000707e00000, 0x0000000707e00000, 0x0000000708000000|  0%| F|  |TAMS 0x0000000707e00000, 0x0000000707e00000| Untracked 
|  25|0x0000000708000000, 0x0000000708000000, 0x0000000708200000|  0%| F|  |TAMS 0x0000000708000000, 0x0000000708000000| Untracked 
|  26|0x0000000708200000, 0x0000000708200000, 0x0000000708400000|  0%| F|  |TAMS 0x0000000708200000, 0x0000000708200000| Untracked 
|  27|0x0000000708400000, 0x0000000708400000, 0x0000000708600000|  0%| F|  |TAMS 0x0000000708400000, 0x0000000708400000| Untracked 
|  28|0x0000000708600000, 0x0000000708600000, 0x0000000708800000|  0%| F|  |TAMS 0x0000000708600000, 0x0000000708600000| Untracked 
|  29|0x0000000708800000, 0x0000000708800000, 0x0000000708a00000|  0%| F|  |TAMS 0x0000000708800000, 0x0000000708800000| Untracked 
|  30|0x0000000708a00000, 0x0000000708a00000, 0x0000000708c00000|  0%| F|  |TAMS 0x0000000708a00000, 0x0000000708a00000| Untracked 
|  31|0x0000000708c00000, 0x0000000708c00000, 0x0000000708e00000|  0%| F|  |TAMS 0x0000000708c00000, 0x0000000708c00000| Untracked 
|  32|0x0000000708e00000, 0x0000000708e00000, 0x0000000709000000|  0%| F|  |TAMS 0x0000000708e00000, 0x0000000708e00000| Untracked 
|  33|0x0000000709000000, 0x0000000709000000, 0x0000000709200000|  0%| F|  |TAMS 0x0000000709000000, 0x0000000709000000| Untracked 
|  34|0x0000000709200000, 0x0000000709200000, 0x0000000709400000|  0%| F|  |TAMS 0x0000000709200000, 0x0000000709200000| Untracked 
|  35|0x0000000709400000, 0x0000000709400000, 0x0000000709600000|  0%| F|  |TAMS 0x0000000709400000, 0x0000000709400000| Untracked 
|  36|0x0000000709600000, 0x0000000709600000, 0x0000000709800000|  0%| F|  |TAMS 0x0000000709600000, 0x0000000709600000| Untracked 
|  37|0x0000000709800000, 0x0000000709800000, 0x0000000709a00000|  0%| F|  |TAMS 0x0000000709800000, 0x0000000709800000| Untracked 
|  38|0x0000000709a00000, 0x0000000709a00000, 0x0000000709c00000|  0%| F|  |TAMS 0x0000000709a00000, 0x0000000709a00000| Untracked 
|  39|0x0000000709c00000, 0x0000000709c00000, 0x0000000709e00000|  0%| F|  |TAMS 0x0000000709c00000, 0x0000000709c00000| Untracked 
|  40|0x0000000709e00000, 0x0000000709e00000, 0x000000070a000000|  0%| F|  |TAMS 0x0000000709e00000, 0x0000000709e00000| Untracked 
|  41|0x000000070a000000, 0x000000070a000000, 0x000000070a200000|  0%| F|  |TAMS 0x000000070a000000, 0x000000070a000000| Untracked 
|  42|0x000000070a200000, 0x000000070a200000, 0x000000070a400000|  0%| F|  |TAMS 0x000000070a200000, 0x000000070a200000| Untracked 
|  43|0x000000070a400000, 0x000000070a400000, 0x000000070a600000|  0%| F|  |TAMS 0x000000070a400000, 0x000000070a400000| Untracked 
|  44|0x000000070a600000, 0x000000070a600000, 0x000000070a800000|  0%| F|  |TAMS 0x000000070a600000, 0x000000070a600000| Untracked 
|  45|0x000000070a800000, 0x000000070a800000, 0x000000070aa00000|  0%| F|  |TAMS 0x000000070a800000, 0x000000070a800000| Untracked 
|  46|0x000000070aa00000, 0x000000070aa00000, 0x000000070ac00000|  0%| F|  |TAMS 0x000000070aa00000, 0x000000070aa00000| Untracked 
|  47|0x000000070ac00000, 0x000000070ac00000, 0x000000070ae00000|  0%| F|  |TAMS 0x000000070ac00000, 0x000000070ac00000| Untracked 
|  48|0x000000070ae00000, 0x000000070ae00000, 0x000000070b000000|  0%| F|  |TAMS 0x000000070ae00000, 0x000000070ae00000| Untracked 
|  49|0x000000070b000000, 0x000000070b000000, 0x000000070b200000|  0%| F|  |TAMS 0x000000070b000000, 0x000000070b000000| Untracked 
|  50|0x000000070b200000, 0x000000070b200000, 0x000000070b400000|  0%| F|  |TAMS 0x000000070b200000, 0x000000070b200000| Untracked 
|  51|0x000000070b400000, 0x000000070b400000, 0x000000070b600000|  0%| F|  |TAMS 0x000000070b400000, 0x000000070b400000| Untracked 
|  52|0x000000070b600000, 0x000000070b600000, 0x000000070b800000|  0%| F|  |TAMS 0x000000070b600000, 0x000000070b600000| Untracked 
|  53|0x000000070b800000, 0x000000070b800000, 0x000000070ba00000|  0%| F|  |TAMS 0x000000070b800000, 0x000000070b800000| Untracked 
|  54|0x000000070ba00000, 0x000000070ba00000, 0x000000070bc00000|  0%| F|  |TAMS 0x000000070ba00000, 0x000000070ba00000| Untracked 
|  55|0x000000070bc00000, 0x000000070bc00000, 0x000000070be00000|  0%| F|  |TAMS 0x000000070bc00000, 0x000000070bc00000| Untracked 
|  56|0x000000070be00000, 0x000000070be00000, 0x000000070c000000|  0%| F|  |TAMS 0x000000070be00000, 0x000000070be00000| Untracked 
|  57|0x000000070c000000, 0x000000070c000000, 0x000000070c200000|  0%| F|  |TAMS 0x000000070c000000, 0x000000070c000000| Untracked 
|  58|0x000000070c200000, 0x000000070c200000, 0x000000070c400000|  0%| F|  |TAMS 0x000000070c200000, 0x000000070c200000| Untracked 
|  59|0x000000070c400000, 0x000000070c400000, 0x000000070c600000|  0%| F|  |TAMS 0x000000070c400000, 0x000000070c400000| Untracked 
|  60|0x000000070c600000, 0x000000070c600000, 0x000000070c800000|  0%| F|  |TAMS 0x000000070c600000, 0x000000070c600000| Untracked 
|  61|0x000000070c800000, 0x000000070c800000, 0x000000070ca00000|  0%| F|  |TAMS 0x000000070c800000, 0x000000070c800000| Untracked 
|  62|0x000000070ca00000, 0x000000070ca00000, 0x000000070cc00000|  0%| F|  |TAMS 0x000000070ca00000, 0x000000070ca00000| Untracked 
|  63|0x000000070cc00000, 0x000000070cc00000, 0x000000070ce00000|  0%| F|  |TAMS 0x000000070cc00000, 0x000000070cc00000| Untracked 
|  64|0x000000070ce00000, 0x000000070ce00000, 0x000000070d000000|  0%| F|  |TAMS 0x000000070ce00000, 0x000000070ce00000| Untracked 
|  65|0x000000070d000000, 0x000000070d000000, 0x000000070d200000|  0%| F|  |TAMS 0x000000070d000000, 0x000000070d000000| Untracked 
|  66|0x000000070d200000, 0x000000070d200000, 0x000000070d400000|  0%| F|  |TAMS 0x000000070d200000, 0x000000070d200000| Untracked 
|  67|0x000000070d400000, 0x000000070d400000, 0x000000070d600000|  0%| F|  |TAMS 0x000000070d400000, 0x000000070d400000| Untracked 
|  68|0x000000070d600000, 0x000000070d600000, 0x000000070d800000|  0%| F|  |TAMS 0x000000070d600000, 0x000000070d600000| Untracked 
|  69|0x000000070d800000, 0x000000070d800000, 0x000000070da00000|  0%| F|  |TAMS 0x000000070d800000, 0x000000070d800000| Untracked 
|  70|0x000000070da00000, 0x000000070da00000, 0x000000070dc00000|  0%| F|  |TAMS 0x000000070da00000, 0x000000070da00000| Untracked 
|  71|0x000000070dc00000, 0x000000070dc00000, 0x000000070de00000|  0%| F|  |TAMS 0x000000070dc00000, 0x000000070dc00000| Untracked 
|  72|0x000000070de00000, 0x000000070de00000, 0x000000070e000000|  0%| F|  |TAMS 0x000000070de00000, 0x000000070de00000| Untracked 
|  73|0x000000070e000000, 0x000000070e000000, 0x000000070e200000|  0%| F|  |TAMS 0x000000070e000000, 0x000000070e000000| Untracked 
|  74|0x000000070e200000, 0x000000070e200000, 0x000000070e400000|  0%| F|  |TAMS 0x000000070e200000, 0x000000070e200000| Untracked 
|  75|0x000000070e400000, 0x000000070e400000, 0x000000070e600000|  0%| F|  |TAMS 0x000000070e400000, 0x000000070e400000| Untracked 
|  76|0x000000070e600000, 0x000000070e600000, 0x000000070e800000|  0%| F|  |TAMS 0x000000070e600000, 0x000000070e600000| Untracked 
|  77|0x000000070e800000, 0x000000070e800000, 0x000000070ea00000|  0%| F|  |TAMS 0x000000070e800000, 0x000000070e800000| Untracked 
|  78|0x000000070ea00000, 0x000000070ea00000, 0x000000070ec00000|  0%| F|  |TAMS 0x000000070ea00000, 0x000000070ea00000| Untracked 
|  79|0x000000070ec00000, 0x000000070ec00000, 0x000000070ee00000|  0%| F|  |TAMS 0x000000070ec00000, 0x000000070ec00000| Untracked 
|  80|0x000000070ee00000, 0x000000070ee00000, 0x000000070f000000|  0%| F|  |TAMS 0x000000070ee00000, 0x000000070ee00000| Untracked 
|  81|0x000000070f000000, 0x000000070f000000, 0x000000070f200000|  0%| F|  |TAMS 0x000000070f000000, 0x000000070f000000| Untracked 
|  82|0x000000070f200000, 0x000000070f200000, 0x000000070f400000|  0%| F|  |TAMS 0x000000070f200000, 0x000000070f200000| Untracked 
|  83|0x000000070f400000, 0x000000070f400000, 0x000000070f600000|  0%| F|  |TAMS 0x000000070f400000, 0x000000070f400000| Untracked 
|  84|0x000000070f600000, 0x000000070f600000, 0x000000070f800000|  0%| F|  |TAMS 0x000000070f600000, 0x000000070f600000| Untracked 
|  85|0x000000070f800000, 0x000000070f800000, 0x000000070fa00000|  0%| F|  |TAMS 0x000000070f800000, 0x000000070f800000| Untracked 
|  86|0x000000070fa00000, 0x000000070fa00000, 0x000000070fc00000|  0%| F|  |TAMS 0x000000070fa00000, 0x000000070fa00000| Untracked 
|  87|0x000000070fc00000, 0x000000070fc00000, 0x000000070fe00000|  0%| F|  |TAMS 0x000000070fc00000, 0x000000070fc00000| Untracked 
|  88|0x000000070fe00000, 0x000000070fe00000, 0x0000000710000000|  0%| F|  |TAMS 0x000000070fe00000, 0x000000070fe00000| Untracked 
|  89|0x0000000710000000, 0x0000000710000000, 0x0000000710200000|  0%| F|  |TAMS 0x0000000710000000, 0x0000000710000000| Untracked 
|  90|0x0000000710200000, 0x0000000710200000, 0x0000000710400000|  0%| F|  |TAMS 0x0000000710200000, 0x0000000710200000| Untracked 
|  91|0x0000000710400000, 0x0000000710400000, 0x0000000710600000|  0%| F|  |TAMS 0x0000000710400000, 0x0000000710400000| Untracked 
|  92|0x0000000710600000, 0x0000000710600000, 0x0000000710800000|  0%| F|  |TAMS 0x0000000710600000, 0x0000000710600000| Untracked 
|  93|0x0000000710800000, 0x0000000710800000, 0x0000000710a00000|  0%| F|  |TAMS 0x0000000710800000, 0x0000000710800000| Untracked 
|  94|0x0000000710a00000, 0x0000000710a00000, 0x0000000710c00000|  0%| F|  |TAMS 0x0000000710a00000, 0x0000000710a00000| Untracked 
|  95|0x0000000710c00000, 0x0000000710c00000, 0x0000000710e00000|  0%| F|  |TAMS 0x0000000710c00000, 0x0000000710c00000| Untracked 
|  96|0x0000000710e00000, 0x0000000710e00000, 0x0000000711000000|  0%| F|  |TAMS 0x0000000710e00000, 0x0000000710e00000| Untracked 
|  97|0x0000000711000000, 0x0000000711000000, 0x0000000711200000|  0%| F|  |TAMS 0x0000000711000000, 0x0000000711000000| Untracked 
|  98|0x0000000711200000, 0x0000000711200000, 0x0000000711400000|  0%| F|  |TAMS 0x0000000711200000, 0x0000000711200000| Untracked 
|  99|0x0000000711400000, 0x0000000711400000, 0x0000000711600000|  0%| F|  |TAMS 0x0000000711400000, 0x0000000711400000| Untracked 
| 100|0x0000000711600000, 0x0000000711600000, 0x0000000711800000|  0%| F|  |TAMS 0x0000000711600000, 0x0000000711600000| Untracked 
| 101|0x0000000711800000, 0x0000000711800000, 0x0000000711a00000|  0%| F|  |TAMS 0x0000000711800000, 0x0000000711800000| Untracked 
| 102|0x0000000711a00000, 0x0000000711a00000, 0x0000000711c00000|  0%| F|  |TAMS 0x0000000711a00000, 0x0000000711a00000| Untracked 
| 103|0x0000000711c00000, 0x0000000711c00000, 0x0000000711e00000|  0%| F|  |TAMS 0x0000000711c00000, 0x0000000711c00000| Untracked 
| 104|0x0000000711e00000, 0x0000000711e00000, 0x0000000712000000|  0%| F|  |TAMS 0x0000000711e00000, 0x0000000711e00000| Untracked 
| 105|0x0000000712000000, 0x0000000712000000, 0x0000000712200000|  0%| F|  |TAMS 0x0000000712000000, 0x0000000712000000| Untracked 
| 106|0x0000000712200000, 0x0000000712200000, 0x0000000712400000|  0%| F|  |TAMS 0x0000000712200000, 0x0000000712200000| Untracked 
| 107|0x0000000712400000, 0x0000000712400000, 0x0000000712600000|  0%| F|  |TAMS 0x0000000712400000, 0x0000000712400000| Untracked 
| 108|0x0000000712600000, 0x0000000712600000, 0x0000000712800000|  0%| F|  |TAMS 0x0000000712600000, 0x0000000712600000| Untracked 
| 109|0x0000000712800000, 0x0000000712800000, 0x0000000712a00000|  0%| F|  |TAMS 0x0000000712800000, 0x0000000712800000| Untracked 
| 110|0x0000000712a00000, 0x0000000712a00000, 0x0000000712c00000|  0%| F|  |TAMS 0x0000000712a00000, 0x0000000712a00000| Untracked 
| 111|0x0000000712c00000, 0x0000000712c00000, 0x0000000712e00000|  0%| F|  |TAMS 0x0000000712c00000, 0x0000000712c00000| Untracked 
| 112|0x0000000712e00000, 0x0000000712e00000, 0x0000000713000000|  0%| F|  |TAMS 0x0000000712e00000, 0x0000000712e00000| Untracked 
| 113|0x0000000713000000, 0x0000000713000000, 0x0000000713200000|  0%| F|  |TAMS 0x0000000713000000, 0x0000000713000000| Untracked 
| 114|0x0000000713200000, 0x0000000713200000, 0x0000000713400000|  0%| F|  |TAMS 0x0000000713200000, 0x0000000713200000| Untracked 
| 115|0x0000000713400000, 0x0000000713400000, 0x0000000713600000|  0%| F|  |TAMS 0x0000000713400000, 0x0000000713400000| Untracked 
| 116|0x0000000713600000, 0x0000000713600000, 0x0000000713800000|  0%| F|  |TAMS 0x0000000713600000, 0x0000000713600000| Untracked 
| 117|0x0000000713800000, 0x0000000713800000, 0x0000000713a00000|  0%| F|  |TAMS 0x0000000713800000, 0x0000000713800000| Untracked 
| 118|0x0000000713a00000, 0x0000000713a00000, 0x0000000713c00000|  0%| F|  |TAMS 0x0000000713a00000, 0x0000000713a00000| Untracked 
| 119|0x0000000713c00000, 0x0000000713c00000, 0x0000000713e00000|  0%| F|  |TAMS 0x0000000713c00000, 0x0000000713c00000| Untracked 
| 120|0x0000000713e00000, 0x0000000713e00000, 0x0000000714000000|  0%| F|  |TAMS 0x0000000713e00000, 0x0000000713e00000| Untracked 
| 121|0x0000000714000000, 0x0000000714000000, 0x0000000714200000|  0%| F|  |TAMS 0x0000000714000000, 0x0000000714000000| Untracked 
| 122|0x0000000714200000, 0x0000000714200000, 0x0000000714400000|  0%| F|  |TAMS 0x0000000714200000, 0x0000000714200000| Untracked 
| 123|0x0000000714400000, 0x0000000714400000, 0x0000000714600000|  0%| F|  |TAMS 0x0000000714400000, 0x0000000714400000| Untracked 
| 124|0x0000000714600000, 0x0000000714600000, 0x0000000714800000|  0%| F|  |TAMS 0x0000000714600000, 0x0000000714600000| Untracked 
| 125|0x0000000714800000, 0x00000007149c2b70, 0x0000000714a00000| 88%| E|  |TAMS 0x0000000714800000, 0x0000000714800000| Complete 

Card table byte_map: [0x0000020dfa000000,0x0000020dfa7e0000] _byte_map_base: 0x0000020df67d9000

Marking Bits (Prev, Next): (CMBitMap*) 0x0000020de26e1fa0, (CMBitMap*) 0x0000020de26e1fe0
 Prev Bits: [0x0000020dfafc0000, 0x0000020dfee88000)
 Next Bits: [0x0000020d80000000, 0x0000020d83ec8000)

Polling page: 0x0000020de05d0000

Metaspace:

Usage:
  Non-class:      4.12 MB used.
      Class:    344.16 KB used.
       Both:      4.46 MB used.

Virtual space:
  Non-class space:       64.00 MB reserved,       4.12 MB (  6%) committed,  1 nodes.
      Class space:        1.00 GB reserved,     384.00 KB ( <1%) committed,  1 nodes.
             Both:        1.06 GB reserved,       4.50 MB ( <1%) committed. 

Chunk freelists:
   Non-Class:  3.00 MB
       Class:  3.62 MB
        Both:  6.62 MB

MaxMetaspaceSize: unlimited
CompressedClassSpaceSize: 1.00 GB
Initial GC threshold: 21.00 MB
Current GC threshold: 21.00 MB
CDS: off
MetaspaceReclaimPolicy: balanced
 - commit_granule_bytes: 65536.
 - commit_granule_words: 8192.
 - virtual_space_node_default_size: 8388608.
 - enlarge_chunks_in_place: 1.
 - new_chunks_are_fully_committed: 0.
 - uncommit_free_chunks: 1.
 - use_allocation_guard: 0.


Internal statistics:

num_allocs_failed_limit: 0.
num_arena_births: 2.
num_arena_deaths: 0.
num_vsnodes_births: 2.
num_vsnodes_deaths: 0.
num_space_committed: 72.
num_space_uncommitted: 0.
num_chunks_returned_to_freelist: 0.
num_chunks_taken_from_freelist: 5.
num_chunk_merges: 0.
num_chunk_splits: 2.
num_chunks_enlarged: 0.
num_inconsistent_stats: 0.

CodeHeap 'non-profiled nmethods': size=119168Kb used=12Kb max_used=12Kb free=119155Kb
 bounds [0x0000020df1b40000, 0x0000020df1db0000, 0x0000020df8fa0000]
CodeHeap 'profiled nmethods': size=119104Kb used=62Kb max_used=62Kb free=119041Kb
 bounds [0x0000020dea6f0000, 0x0000020dea960000, 0x0000020df1b40000]
CodeHeap 'non-nmethods': size=7488Kb used=1071Kb max_used=1071Kb free=6417Kb
 bounds [0x0000020de9fa0000, 0x0000020dea210000, 0x0000020dea6f0000]
 total_blobs=376 nmethods=53 adapters=236
 compilation: enabled
              stopped_count=0, restarted_count=0
 full_count=0

Compilation events (20 events):
Event: 0.050 Thread 0x0000020d8a069fc0   34       3       java.lang.String::isEmpty (14 bytes)
Event: 0.051 Thread 0x0000020d8a069fc0 nmethod 34 0x0000020dea6f9e90 code [0x0000020dea6fa020, 0x0000020dea6fa198]
Event: 0.052 Thread 0x0000020d8a069fc0   35       3       java.lang.StringLatin1::canEncode (13 bytes)
Event: 0.052 Thread 0x0000020d8a069fc0 nmethod 35 0x0000020dea6fa290 code [0x0000020dea6fa420, 0x0000020dea6fa578]
Event: 0.053 Thread 0x0000020d8a069fc0   36       3       java.util.concurrent.ConcurrentHashMap::tabAt (22 bytes)
Event: 0.053 Thread 0x0000020d8a069fc0 nmethod 36 0x0000020dea6fa610 code [0x0000020dea6fa7c0, 0x0000020dea6faab8]
Event: 0.053 Thread 0x0000020d8a069fc0   37       3       jdk.internal.misc.Unsafe::getReferenceAcquire (7 bytes)
Event: 0.053 Thread 0x0000020d8a069fc0 nmethod 37 0x0000020dea6fab90 code [0x0000020dea6fad20, 0x0000020dea6fae98]
Event: 0.053 Thread 0x0000020d8a069fc0   40       3       java.util.ImmutableCollections$SetN$SetNIterator::next (90 bytes)
Event: 0.053 Thread 0x0000020d8a069fc0 nmethod 40 0x0000020dea6faf10 code [0x0000020dea6fb0c0, 0x0000020dea6fb3c8]
Event: 0.053 Thread 0x0000020d8a069fc0   39       3       java.util.concurrent.ConcurrentHashMap::spread (10 bytes)
Event: 0.053 Thread 0x0000020d8a069fc0 nmethod 39 0x0000020dea6fb510 code [0x0000020dea6fb6a0, 0x0000020dea6fb798]
Event: 0.055 Thread 0x0000020d8a069fc0   41       3       java.util.HashMap::hash (20 bytes)
Event: 0.055 Thread 0x0000020d8a069fc0 nmethod 41 0x0000020dea6fb810 code [0x0000020dea6fb9c0, 0x0000020dea6fbbc8]
Event: 0.060 Thread 0x0000020d8a069fc0   47       3       java.util.concurrent.ConcurrentHashMap$Node::<init> (20 bytes)
Event: 0.060 Thread 0x0000020d8a069fc0 nmethod 47 0x0000020dea6fbc90 code [0x0000020dea6fbe40, 0x0000020dea6fc078]
Event: 0.060 Thread 0x0000020d8a069fc0   48       3       java.util.concurrent.ConcurrentHashMap::addCount (280 bytes)
Event: 0.061 Thread 0x0000020d8a069fc0 nmethod 48 0x0000020dea6fc110 code [0x0000020dea6fc360, 0x0000020dea6fcd08]
Event: 0.061 Thread 0x0000020d8a069fc0   50   !   3       java.util.concurrent.ConcurrentHashMap::putVal (432 bytes)
Event: 0.062 Thread 0x0000020d8a069fc0 nmethod 50 0x0000020dea6fd010 code [0x0000020dea6fd380, 0x0000020dea6fef28]

GC Heap History (0 events):
No events

Deoptimization events (0 events):
No events

Classes loaded (20 events):
Event: 0.061 Loading class java/lang/invoke/DelegatingMethodHandle
Event: 0.061 Loading class java/lang/invoke/DelegatingMethodHandle done
Event: 0.061 Loading class java/lang/invoke/DelegatingMethodHandle$Holder
Event: 0.061 Loading class java/lang/invoke/DelegatingMethodHandle$Holder done
Event: 0.061 Loading class java/lang/invoke/VarHandle$AccessMode
Event: 0.061 Loading class java/lang/invoke/VarHandle$AccessMode done
Event: 0.061 Loading class java/lang/invoke/VarHandle$AccessType
Event: 0.061 Loading class java/lang/invoke/VarHandle$AccessType done
Event: 0.061 Loading class java/lang/invoke/Invokers$Holder
Event: 0.061 Loading class java/lang/invoke/Invokers$Holder done
Event: 0.061 Loading class java/lang/invoke/LambdaFormEditor
Event: 0.062 Loading class java/lang/invoke/LambdaFormEditor done
Event: 0.062 Loading class java/lang/invoke/LambdaFormEditor$TransformKey
Event: 0.062 Loading class java/lang/invoke/LambdaFormEditor$TransformKey done
Event: 0.062 Loading class java/lang/invoke/LambdaFormBuffer
Event: 0.062 Loading class java/lang/invoke/LambdaFormBuffer done
Event: 0.062 Loading class java/lang/invoke/LambdaFormEditor$Transform
Event: 0.062 Loading class java/lang/invoke/LambdaFormEditor$Transform done
Event: 0.062 Loading class jdk/internal/org/objectweb/asm/ClassWriter
Event: 0.062 Loading class jdk/internal/org/objectweb/asm/ClassVisitor

Classes unloaded (0 events):
No events

Classes redefined (0 events):
No events

Internal exceptions (0 events):
No events

VM Operations (0 events):
No events

Events (12 events):
Event: 0.005 Loaded shared library C:\Program Files\Java\jdk-18.0.2\bin\java.dll
Event: 0.021 Loaded shared library C:\Program Files\Java\jdk-18.0.2\bin\jsvml.dll
Event: 0.022 Thread 0x0000020de2674850 Thread added: 0x0000020de2674850
Event: 0.025 Thread 0x0000020dff6fbb00 Thread added: 0x0000020dff6fbb00
Event: 0.025 Thread 0x0000020dff6fe770 Thread added: 0x0000020dff6fe770
Event: 0.037 Thread 0x0000020d8a04da40 Thread added: 0x0000020d8a04da40
Event: 0.037 Thread 0x0000020d8a04e2f0 Thread added: 0x0000020d8a04e2f0
Event: 0.038 Thread 0x0000020d8a04fbb0 Thread added: 0x0000020d8a04fbb0
Event: 0.038 Thread 0x0000020d8a059eb0 Thread added: 0x0000020d8a059eb0
Event: 0.038 Thread 0x0000020d8a05a790 Thread added: 0x0000020d8a05a790
Event: 0.038 Thread 0x0000020d8a069fc0 Thread added: 0x0000020d8a069fc0
Event: 0.038 Thread 0x0000020d8a0652d0 Thread added: 0x0000020d8a0652d0


Dynamic libraries:
0x00007ff7d6410000 - 0x00007ff7d6420000 	C:\Program Files\Java\jdk-18.0.2\bin\java.exe
0x00007fff71660000 - 0x00007fff71869000 	C:\Windows\SYSTEM32\ntdll.dll
0x00007fff70380000 - 0x00007fff7043d000 	C:\Windows\System32\KERNEL32.DLL
0x00007fff6ec90000 - 0x00007fff6f014000 	C:\Windows\System32\KERNELBASE.dll
0x00007fff689e0000 - 0x00007fff68a72000 	C:\Windows\SYSTEM32\apphelp.dll
0x00007fff6f2d0000 - 0x00007fff6f3e1000 	C:\Windows\System32\ucrtbase.dll
0x00007fff63ae0000 - 0x00007fff63af8000 	C:\Program Files\Java\jdk-18.0.2\bin\jli.dll
0x00007fff59370000 - 0x00007fff5938a000 	C:\Program Files\Java\jdk-18.0.2\bin\VCRUNTIME140.dll
0x00007fff70b90000 - 0x00007fff70c3e000 	C:\Windows\System32\ADVAPI32.dll
0x00007fff70700000 - 0x00007fff707a3000 	C:\Windows\System32\msvcrt.dll
0x00007fff6f720000 - 0x00007fff6f7be000 	C:\Windows\System32\sechost.dll
0x00007fff6f5f0000 - 0x00007fff6f711000 	C:\Windows\System32\RPCRT4.dll
0x00007fff70990000 - 0x00007fff70b3d000 	C:\Windows\System32\USER32.dll
0x00007fff6f130000 - 0x00007fff6f156000 	C:\Windows\System32\win32u.dll
0x00007fff3e7f0000 - 0x00007fff3ea95000 	C:\Windows\WinSxS\amd64_microsoft.windows.common-controls_6595b64144ccf1df_6.0.22000.120_none_9d947278b86cc467\COMCTL32.dll
0x00007fff70b50000 - 0x00007fff70b7a000 	C:\Windows\System32\GDI32.dll
0x00007fff6eaf0000 - 0x00007fff6ec0e000 	C:\Windows\System32\gdi32full.dll
0x00007fff6f020000 - 0x00007fff6f0bd000 	C:\Windows\System32\msvcp_win.dll
0x00007fff582b0000 - 0x00007fff582ba000 	C:\Windows\SYSTEM32\VERSION.dll
0x00007fff70c40000 - 0x00007fff70c71000 	C:\Windows\System32\IMM32.DLL
0x00007fff672f0000 - 0x00007fff672fc000 	C:\Program Files\Java\jdk-18.0.2\bin\vcruntime140_1.dll
0x00007fff218f0000 - 0x00007fff2197d000 	C:\Program Files\Java\jdk-18.0.2\bin\msvcp140.dll
0x00007ffed9190000 - 0x00007ffed9da1000 	C:\Program Files\Java\jdk-18.0.2\bin\server\jvm.dll
0x00007fff70b80000 - 0x00007fff70b88000 	C:\Windows\System32\PSAPI.DLL
0x00007fff6c5b0000 - 0x00007fff6c5e3000 	C:\Windows\SYSTEM32\WINMM.dll
0x00007fff50bc0000 - 0x00007fff50bc9000 	C:\Windows\SYSTEM32\WSOCK32.dll
0x00007fff6fb40000 - 0x00007fff6fbaf000 	C:\Windows\System32\WS2_32.dll
0x00007fff6dc50000 - 0x00007fff6dc68000 	C:\Windows\SYSTEM32\kernel.appcore.dll
0x00007fff63ad0000 - 0x00007fff63ada000 	C:\Program Files\Java\jdk-18.0.2\bin\jimage.dll
0x00007fff6c2f0000 - 0x00007fff6c511000 	C:\Windows\SYSTEM32\DBGHELP.DLL
0x00007fff6c570000 - 0x00007fff6c5a1000 	C:\Windows\SYSTEM32\dbgcore.DLL
0x00007fff6ec10000 - 0x00007fff6ec8f000 	C:\Windows\System32\bcryptPrimitives.dll
0x00007fff57d80000 - 0x00007fff57da5000 	C:\Program Files\Java\jdk-18.0.2\bin\java.dll
0x00007fff329f0000 - 0x00007fff32ac6000 	C:\Program Files\Java\jdk-18.0.2\bin\jsvml.dll
0x00007fff70c80000 - 0x00007fff71445000 	C:\Windows\System32\SHELL32.dll
0x00007fff6cbd0000 - 0x00007fff6d432000 	C:\Windows\SYSTEM32\windows.storage.dll
0x00007fff6f7c0000 - 0x00007fff6fb36000 	C:\Windows\System32\combase.dll
0x00007fff6ca60000 - 0x00007fff6cbc7000 	C:\Windows\SYSTEM32\wintypes.dll
0x00007fff707b0000 - 0x00007fff7089a000 	C:\Windows\System32\SHCORE.dll
0x00007fff70290000 - 0x00007fff702ed000 	C:\Windows\System32\shlwapi.dll
0x00007fff6ea20000 - 0x00007fff6ea45000 	C:\Windows\SYSTEM32\profapi.dll

dbghelp: loaded successfully - version: 4.0.5 - missing functions: none
symbol engine: initialized successfully - sym options: 0x614 - pdb path: .;C:\Program Files\Java\jdk-18.0.2\bin;C:\Windows\SYSTEM32;C:\Windows\WinSxS\amd64_microsoft.windows.common-controls_6595b64144ccf1df_6.0.22000.120_none_9d947278b86cc467;C:\Program Files\Java\jdk-18.0.2\bin\server

VM Arguments:
jvm_args: -Dfile.encoding=UTF-8 --module-path=C:\Users\RATAN\Documents\NetBeansProjects\Employee Management System\build\classes 
java_command: employee.management.system.Splash
java_class_path (initial): C:\Users\RATAN\Downloads\mysql-connector-java-8.0.28.jar;C:\Users\RATAN\Downloads\jcalendar-tz-1.3.3-4.jar;C:\Users\RATAN\Downloads\rs2xml.jar;C:\Users\RATAN\Documents\NetBeansProjects\Employee Management System\build\classes
Launcher Type: SUN_STANDARD

[Global flags]
     intx CICompilerCount                          = 12                                        {product} {ergonomic}
     uint ConcGCThreads                            = 3                                         {product} {ergonomic}
     uint G1ConcRefinementThreads                  = 13                                        {product} {ergonomic}
   size_t G1HeapRegionSize                         = 2097152                                   {product} {ergonomic}
    uintx GCDrainStackTargetSize                   = 64                                        {product} {ergonomic}
   size_t InitialHeapSize                          = 264241152                                 {product} {ergonomic}
   size_t MarkStackSize                            = 4194304                                   {product} {ergonomic}
   size_t MaxHeapSize                              = 4213178368                                {product} {ergonomic}
   size_t MaxNewSize                               = 2527068160                                {product} {ergonomic}
   size_t MinHeapDeltaBytes                        = 2097152                                   {product} {ergonomic}
   size_t MinHeapSize                              = 8388608                                   {product} {ergonomic}
    uintx NonNMethodCodeHeapSize                   = 7602480                                {pd product} {ergonomic}
    uintx NonProfiledCodeHeapSize                  = 122027880                              {pd product} {ergonomic}
    uintx ProfiledCodeHeapSize                     = 122027880                              {pd product} {ergonomic}
    uintx ReservedCodeCacheSize                    = 251658240                              {pd product} {ergonomic}
     bool SegmentedCodeCache                       = true                                      {product} {ergonomic}
   size_t SoftMaxHeapSize                          = 4213178368                             {manageable} {ergonomic}
     bool UseCompressedClassPointers               = true                           {product lp64_product} {ergonomic}
     bool UseCompressedOops                        = true                           {product lp64_product} {ergonomic}
     bool UseG1GC                                  = true                                      {product} {ergonomic}
     bool UseLargePagesIndividualAllocation        = false                                  {pd product} {ergonomic}

Logging:
Log output configuration:
 #0: stdout all=warning uptime,level,tags foldmultilines=false
 #1: stderr all=off uptime,level,tags foldmultilines=false

Environment Variables:
PATH=C:\oraclexe\app\oracle\product\11.2.0\server\bin;C:\Program Files\Common Files\Oracle\Java\javapath;C:\Windows\system32;C:\Windows;C:\Windows\System32\Wbem;C:\Windows\System32\WindowsPowerShell\v1.0\;C:\Windows\System32\OpenSSH\;C:\Program Files\dotnet\;C:\php-8.2.4;C:\xampp;C:\Program Files\Git\cmd;C:\Program Files\nodejs\;C:\Users\RATAN\AppData\Local\Microsoft\WindowsApps;;C:\Users\RATAN\AppData\Local\Programs\Microsoft VS Code\bin;C:\Users\RATAN\AppData\Roaming\npm
USERNAME=RATAN
OS=Windows_NT
PROCESSOR_IDENTIFIER=Intel64 Family 6 Model 154 Stepping 3, GenuineIntel



---------------  S Y S T E M  ---------------

OS:
 Windows 11 , 64 bit Build 22000 (10.0.22000.2538)
OS uptime: 15 days 21:52 hours

CPU: total 16 (initial active 16) (8 cores per cpu, 2 threads per core) family 6 model 154 stepping 3 microcode 0x432, cx8, cmov, fxsr, ht, mmx, 3dnowpref, sse, sse2, sse3, ssse3, sse4.1, sse4.2, popcnt, lzcnt, tsc, tscinvbit, avx, avx2, aes, erms, clmul, bmi1, bmi2, adx, sha, fma, vzeroupper, clflush, clflushopt, clwb, serialize

Memory: 4k page, system-wide physical 16068M (2048M free)
TotalPageFile size 35967M (AvailPageFile size 5M)
current process WorkingSet (physical memory assigned to process): 28M, peak: 28M
current process commit charge ("private bytes"): 342M, peak: 344M

vm_info: Java HotSpot(TM) 64-Bit Server VM (18.0.2+9-61) for windows-amd64 JRE (18.0.2+9-61), built on Jun  7 2022 13:09:01 by "mach5one" with MS VC++ 16.8 / 16.9 (VS2019)

END.
